{"/Users/gilberto/development/repositorio/projetos_aula/2025/flutter/api/src/controllers/UsuarioController.js": {"path":"/Users/gilberto/development/repositorio/projetos_aula/2025/flutter/api/src/controllers/UsuarioController.js","statementMap":{"0":{"start":{"line":25,"column":19},"end":{"line":25,"column":69}},"1":{"start":{"line":25,"column":25},"end":{"line":25,"column":69}},"2":{"start":{"line":29,"column":8},"end":{"line":29,"column":44}},"3":{"start":{"line":37,"column":8},"end":{"line":37,"column":60}},"4":{"start":{"line":40,"column":23},"end":{"line":40,"column":39}},"5":{"start":{"line":41,"column":8},"end":{"line":43,"column":9}},"6":{"start":{"line":42,"column":12},"end":{"line":42,"column":38}},"7":{"start":{"line":46,"column":22},"end":{"line":46,"column":37}},"8":{"start":{"line":47,"column":8},"end":{"line":50,"column":9}},"9":{"start":{"line":49,"column":12},"end":{"line":49,"column":55}},"10":{"start":{"line":52,"column":21},"end":{"line":52,"column":51}},"11":{"start":{"line":53,"column":8},"end":{"line":53,"column":49}},"12":{"start":{"line":60,"column":8},"end":{"line":60,"column":59}},"13":{"start":{"line":63,"column":27},"end":{"line":63,"column":56}},"14":{"start":{"line":64,"column":19},"end":{"line":64,"column":48}},"15":{"start":{"line":67,"column":27},"end":{"line":67,"column":42}},"16":{"start":{"line":70,"column":8},"end":{"line":70,"column":34}},"17":{"start":{"line":72,"column":8},"end":{"line":72,"column":57}},"18":{"start":{"line":80,"column":8},"end":{"line":80,"column":63}},"19":{"start":{"line":83,"column":23},"end":{"line":83,"column":33}},"20":{"start":{"line":84,"column":8},"end":{"line":84,"column":34}},"21":{"start":{"line":86,"column":27},"end":{"line":86,"column":62}},"22":{"start":{"line":88,"column":21},"end":{"line":88,"column":65}},"23":{"start":{"line":91,"column":27},"end":{"line":91,"column":42}},"24":{"start":{"line":94,"column":8},"end":{"line":94,"column":34}},"25":{"start":{"line":96,"column":8},"end":{"line":96,"column":227}},"26":{"start":{"line":103,"column":8},"end":{"line":103,"column":61}},"27":{"start":{"line":105,"column":23},"end":{"line":105,"column":39}},"28":{"start":{"line":106,"column":8},"end":{"line":114,"column":9}},"29":{"start":{"line":107,"column":12},"end":{"line":113,"column":15}},"30":{"start":{"line":116,"column":21},"end":{"line":116,"column":51}},"31":{"start":{"line":117,"column":8},"end":{"line":117,"column":87}},"32":{"start":{"line":124,"column":8},"end":{"line":195,"column":9}},"33":{"start":{"line":125,"column":12},"end":{"line":125,"column":68}},"34":{"start":{"line":127,"column":27},"end":{"line":127,"column":43}},"35":{"start":{"line":128,"column":12},"end":{"line":128,"column":38}},"36":{"start":{"line":131,"column":25},"end":{"line":131,"column":40}},"37":{"start":{"line":132,"column":12},"end":{"line":140,"column":13}},"38":{"start":{"line":133,"column":16},"end":{"line":139,"column":19}},"39":{"start":{"line":143,"column":36},"end":{"line":143,"column":82}},"40":{"start":{"line":144,"column":37},"end":{"line":144,"column":66}},"41":{"start":{"line":145,"column":12},"end":{"line":153,"column":13}},"42":{"start":{"line":146,"column":16},"end":{"line":152,"column":19}},"43":{"start":{"line":156,"column":29},"end":{"line":156,"column":61}},"44":{"start":{"line":157,"column":31},"end":{"line":157,"column":74}},"45":{"start":{"line":158,"column":31},"end":{"line":158,"column":62}},"46":{"start":{"line":161,"column":12},"end":{"line":163,"column":13}},"47":{"start":{"line":162,"column":16},"end":{"line":162,"column":62}},"48":{"start":{"line":166,"column":32},"end":{"line":171,"column":27}},"49":{"start":{"line":174,"column":12},"end":{"line":174,"column":65}},"50":{"start":{"line":177,"column":26},"end":{"line":177,"column":49}},"51":{"start":{"line":178,"column":12},"end":{"line":178,"column":45}},"52":{"start":{"line":180,"column":32},"end":{"line":180,"column":71}},"53":{"start":{"line":182,"column":12},"end":{"line":191,"column":15}},"54":{"start":{"line":193,"column":12},"end":{"line":193,"column":56}},"55":{"start":{"line":194,"column":12},"end":{"line":194,"column":31}},"56":{"start":{"line":202,"column":8},"end":{"line":239,"column":9}},"57":{"start":{"line":203,"column":12},"end":{"line":203,"column":65}},"58":{"start":{"line":205,"column":27},"end":{"line":205,"column":43}},"59":{"start":{"line":206,"column":12},"end":{"line":206,"column":38}},"60":{"start":{"line":208,"column":28},"end":{"line":208,"column":58}},"61":{"start":{"line":209,"column":34},"end":{"line":209,"column":41}},"62":{"start":{"line":211,"column":12},"end":{"line":219,"column":13}},"63":{"start":{"line":212,"column":16},"end":{"line":218,"column":19}},"64":{"start":{"line":221,"column":29},"end":{"line":221,"column":38}},"65":{"start":{"line":222,"column":31},"end":{"line":222,"column":74}},"66":{"start":{"line":223,"column":29},"end":{"line":223,"column":60}},"67":{"start":{"line":225,"column":29},"end":{"line":225,"column":74}},"68":{"start":{"line":226,"column":30},"end":{"line":231,"column":13}},"69":{"start":{"line":232,"column":32},"end":{"line":232,"column":81}},"70":{"start":{"line":234,"column":12},"end":{"line":234,"column":55}},"71":{"start":{"line":235,"column":12},"end":{"line":235,"column":42}},"72":{"start":{"line":237,"column":12},"end":{"line":237,"column":53}},"73":{"start":{"line":238,"column":12},"end":{"line":238,"column":31}}},"fnMap":{"0":{"name":"(anonymous_0)","decl":{"start":{"line":25,"column":19},"end":{"line":25,"column":20}},"loc":{"start":{"line":25,"column":25},"end":{"line":25,"column":69}},"line":25},"1":{"name":"(anonymous_1)","decl":{"start":{"line":28,"column":4},"end":{"line":28,"column":5}},"loc":{"start":{"line":28,"column":18},"end":{"line":30,"column":5}},"line":28},"2":{"name":"(anonymous_2)","decl":{"start":{"line":36,"column":4},"end":{"line":36,"column":5}},"loc":{"start":{"line":36,"column":27},"end":{"line":54,"column":5}},"line":36},"3":{"name":"(anonymous_3)","decl":{"start":{"line":59,"column":4},"end":{"line":59,"column":5}},"loc":{"start":{"line":59,"column":26},"end":{"line":73,"column":5}},"line":59},"4":{"name":"(anonymous_4)","decl":{"start":{"line":79,"column":4},"end":{"line":79,"column":5}},"loc":{"start":{"line":79,"column":30},"end":{"line":97,"column":5}},"line":79},"5":{"name":"(anonymous_5)","decl":{"start":{"line":102,"column":4},"end":{"line":102,"column":5}},"loc":{"start":{"line":102,"column":28},"end":{"line":118,"column":5}},"line":102},"6":{"name":"(anonymous_6)","decl":{"start":{"line":123,"column":4},"end":{"line":123,"column":5}},"loc":{"start":{"line":123,"column":37},"end":{"line":196,"column":5}},"line":123},"7":{"name":"(anonymous_7)","decl":{"start":{"line":201,"column":4},"end":{"line":201,"column":5}},"loc":{"start":{"line":201,"column":34},"end":{"line":240,"column":5}},"line":201}},"branchMap":{"0":{"loc":{"start":{"line":40,"column":23},"end":{"line":40,"column":39}},"type":"binary-expr","locations":[{"start":{"line":40,"column":23},"end":{"line":40,"column":33}},{"start":{"line":40,"column":37},"end":{"line":40,"column":39}}],"line":40},"1":{"loc":{"start":{"line":41,"column":8},"end":{"line":43,"column":9}},"type":"if","locations":[{"start":{"line":41,"column":8},"end":{"line":43,"column":9}},{"start":{},"end":{}}],"line":41},"2":{"loc":{"start":{"line":46,"column":22},"end":{"line":46,"column":37}},"type":"binary-expr","locations":[{"start":{"line":46,"column":22},"end":{"line":46,"column":31}},{"start":{"line":46,"column":35},"end":{"line":46,"column":37}}],"line":46},"3":{"loc":{"start":{"line":47,"column":8},"end":{"line":50,"column":9}},"type":"if","locations":[{"start":{"line":47,"column":8},"end":{"line":50,"column":9}},{"start":{},"end":{}}],"line":47},"4":{"loc":{"start":{"line":105,"column":23},"end":{"line":105,"column":39}},"type":"binary-expr","locations":[{"start":{"line":105,"column":23},"end":{"line":105,"column":33}},{"start":{"line":105,"column":37},"end":{"line":105,"column":39}}],"line":105},"5":{"loc":{"start":{"line":106,"column":8},"end":{"line":114,"column":9}},"type":"if","locations":[{"start":{"line":106,"column":8},"end":{"line":114,"column":9}},{"start":{},"end":{}}],"line":106},"6":{"loc":{"start":{"line":127,"column":27},"end":{"line":127,"column":43}},"type":"binary-expr","locations":[{"start":{"line":127,"column":27},"end":{"line":127,"column":37}},{"start":{"line":127,"column":41},"end":{"line":127,"column":43}}],"line":127},"7":{"loc":{"start":{"line":132,"column":12},"end":{"line":140,"column":13}},"type":"if","locations":[{"start":{"line":132,"column":12},"end":{"line":140,"column":13}},{"start":{},"end":{}}],"line":132},"8":{"loc":{"start":{"line":145,"column":12},"end":{"line":153,"column":13}},"type":"if","locations":[{"start":{"line":145,"column":12},"end":{"line":153,"column":13}},{"start":{},"end":{}}],"line":145},"9":{"loc":{"start":{"line":161,"column":12},"end":{"line":163,"column":13}},"type":"if","locations":[{"start":{"line":161,"column":12},"end":{"line":163,"column":13}},{"start":{},"end":{}}],"line":161},"10":{"loc":{"start":{"line":205,"column":27},"end":{"line":205,"column":43}},"type":"binary-expr","locations":[{"start":{"line":205,"column":27},"end":{"line":205,"column":37}},{"start":{"line":205,"column":41},"end":{"line":205,"column":43}}],"line":205},"11":{"loc":{"start":{"line":211,"column":12},"end":{"line":219,"column":13}},"type":"if","locations":[{"start":{"line":211,"column":12},"end":{"line":219,"column":13}},{"start":{},"end":{}}],"line":211},"12":{"loc":{"start":{"line":232,"column":32},"end":{"line":232,"column":81}},"type":"binary-expr","locations":[{"start":{"line":232,"column":32},"end":{"line":232,"column":51}},{"start":{"line":232,"column":55},"end":{"line":232,"column":81}}],"line":232}},"s":{"0":1,"1":5,"2":21,"3":5,"4":5,"5":5,"6":2,"7":5,"8":5,"9":2,"10":3,"11":3,"12":2,"13":2,"14":2,"15":2,"16":0,"17":0,"18":3,"19":3,"20":3,"21":2,"22":2,"23":2,"24":0,"25":0,"26":3,"27":3,"28":3,"29":1,"30":2,"31":2,"32":4,"33":4,"34":4,"35":4,"36":4,"37":4,"38":1,"39":3,"40":3,"41":3,"42":1,"43":2,"44":2,"45":2,"46":2,"47":1,"48":2,"49":2,"50":2,"51":2,"52":2,"53":2,"54":2,"55":2,"56":4,"57":4,"58":4,"59":4,"60":4,"61":4,"62":4,"63":1,"64":3,"65":3,"66":3,"67":3,"68":3,"69":3,"70":3,"71":3,"72":1,"73":1},"f":{"0":5,"1":21,"2":5,"3":2,"4":3,"5":3,"6":4,"7":4},"b":{"0":[5,0],"1":[2,3],"2":[5,0],"3":[2,3],"4":[3,0],"5":[1,2],"6":[4,0],"7":[1,3],"8":[1,2],"9":[1,1],"10":[4,0],"11":[1,3],"12":[3,1]},"_coverageSchema":"1a1c01bbd47fc00a2c39e90264f33305004495a9","hash":"9ceec8def3ed93780f793cb59356ac5a869b8249"}
,"/Users/gilberto/development/repositorio/projetos_aula/2025/flutter/api/src/middlewares/AuthMiddleware.js": {"path":"/Users/gilberto/development/repositorio/projetos_aula/2025/flutter/api/src/middlewares/AuthMiddleware.js","statementMap":{"0":{"start":{"line":11,"column":4},"end":{"line":11,"column":37}},"1":{"start":{"line":18,"column":4},"end":{"line":18,"column":41}},"2":{"start":{"line":22,"column":4},"end":{"line":67,"column":5}},"3":{"start":{"line":23,"column":25},"end":{"line":23,"column":50}},"4":{"start":{"line":25,"column":6},"end":{"line":27,"column":7}},"5":{"start":{"line":26,"column":8},"end":{"line":26,"column":77}},"6":{"start":{"line":29,"column":30},"end":{"line":29,"column":51}},"7":{"start":{"line":31,"column":6},"end":{"line":33,"column":7}},"8":{"start":{"line":32,"column":8},"end":{"line":32,"column":84}},"9":{"start":{"line":36,"column":22},"end":{"line":36,"column":80}},"10":{"start":{"line":38,"column":6},"end":{"line":40,"column":7}},"11":{"start":{"line":39,"column":8},"end":{"line":39,"column":66}},"12":{"start":{"line":43,"column":24},"end":{"line":43,"column":68}},"13":{"start":{"line":45,"column":6},"end":{"line":53,"column":7}},"14":{"start":{"line":46,"column":8},"end":{"line":52,"column":11}},"15":{"start":{"line":56,"column":6},"end":{"line":56,"column":31}},"16":{"start":{"line":57,"column":6},"end":{"line":57,"column":13}},"17":{"start":{"line":60,"column":6},"end":{"line":66,"column":7}},"18":{"start":{"line":61,"column":8},"end":{"line":61,"column":61}},"19":{"start":{"line":62,"column":13},"end":{"line":66,"column":7}},"20":{"start":{"line":63,"column":8},"end":{"line":63,"column":66}},"21":{"start":{"line":65,"column":8},"end":{"line":65,"column":18}}},"fnMap":{"0":{"name":"(anonymous_0)","decl":{"start":{"line":10,"column":2},"end":{"line":10,"column":3}},"loc":{"start":{"line":10,"column":16},"end":{"line":19,"column":3}},"line":10},"1":{"name":"(anonymous_1)","decl":{"start":{"line":21,"column":2},"end":{"line":21,"column":3}},"loc":{"start":{"line":21,"column":31},"end":{"line":68,"column":3}},"line":21}},"branchMap":{"0":{"loc":{"start":{"line":25,"column":6},"end":{"line":27,"column":7}},"type":"if","locations":[{"start":{"line":25,"column":6},"end":{"line":27,"column":7}},{"start":{},"end":{}}],"line":25},"1":{"loc":{"start":{"line":31,"column":6},"end":{"line":33,"column":7}},"type":"if","locations":[{"start":{"line":31,"column":6},"end":{"line":33,"column":7}},{"start":{},"end":{}}],"line":31},"2":{"loc":{"start":{"line":31,"column":10},"end":{"line":31,"column":39}},"type":"binary-expr","locations":[{"start":{"line":31,"column":10},"end":{"line":31,"column":29}},{"start":{"line":31,"column":33},"end":{"line":31,"column":39}}],"line":31},"3":{"loc":{"start":{"line":38,"column":6},"end":{"line":40,"column":7}},"type":"if","locations":[{"start":{"line":38,"column":6},"end":{"line":40,"column":7}},{"start":{},"end":{}}],"line":38},"4":{"loc":{"start":{"line":45,"column":6},"end":{"line":53,"column":7}},"type":"if","locations":[{"start":{"line":45,"column":6},"end":{"line":53,"column":7}},{"start":{},"end":{}}],"line":45},"5":{"loc":{"start":{"line":60,"column":6},"end":{"line":66,"column":7}},"type":"if","locations":[{"start":{"line":60,"column":6},"end":{"line":66,"column":7}},{"start":{"line":62,"column":13},"end":{"line":66,"column":7}}],"line":60},"6":{"loc":{"start":{"line":62,"column":13},"end":{"line":66,"column":7}},"type":"if","locations":[{"start":{"line":62,"column":13},"end":{"line":66,"column":7}},{"start":{"line":64,"column":13},"end":{"line":66,"column":7}}],"line":62}},"s":{"0":1,"1":1,"2":8,"3":8,"4":8,"5":1,"6":7,"7":7,"8":1,"9":6,"10":4,"11":1,"12":3,"13":2,"14":1,"15":1,"16":1,"17":7,"18":1,"19":6,"20":2,"21":4},"f":{"0":1,"1":8},"b":{"0":[1,7],"1":[1,6],"2":[7,6],"3":[1,3],"4":[1,1],"5":[1,6],"6":[2,4]},"_coverageSchema":"1a1c01bbd47fc00a2c39e90264f33305004495a9","hash":"ead8fabab4c5b7f74306214dd22793e5676dbf28"}
,"/Users/gilberto/development/repositorio/projetos_aula/2025/flutter/api/src/middlewares/asyncWrapper.js": {"path":"/Users/gilberto/development/repositorio/projetos_aula/2025/flutter/api/src/middlewares/asyncWrapper.js","statementMap":{"0":{"start":{"line":3,"column":21},"end":{"line":7,"column":1}},"1":{"start":{"line":4,"column":4},"end":{"line":6,"column":6}},"2":{"start":{"line":5,"column":8},"end":{"line":5,"column":61}}},"fnMap":{"0":{"name":"(anonymous_0)","decl":{"start":{"line":3,"column":21},"end":{"line":3,"column":22}},"loc":{"start":{"line":3,"column":34},"end":{"line":7,"column":1}},"line":3},"1":{"name":"(anonymous_1)","decl":{"start":{"line":4,"column":11},"end":{"line":4,"column":12}},"loc":{"start":{"line":4,"column":31},"end":{"line":6,"column":5}},"line":4}},"branchMap":{},"s":{"0":13,"1":3,"2":3},"f":{"0":3,"1":3},"b":{},"_coverageSchema":"1a1c01bbd47fc00a2c39e90264f33305004495a9","hash":"1f179b628bb196b8250a8714c9a60a7fb5c69770"}
,"/Users/gilberto/development/repositorio/projetos_aula/2025/flutter/api/src/models/Grupo.js": {"path":"/Users/gilberto/development/repositorio/projetos_aula/2025/flutter/api/src/models/Grupo.js","statementMap":{"0":{"start":{"line":8,"column":28},"end":{"line":40,"column":9}},"1":{"start":{"line":43,"column":8},"end":{"line":53,"column":11}},"2":{"start":{"line":44,"column":31},"end":{"line":44,"column":46}},"3":{"start":{"line":45,"column":32},"end":{"line":45,"column":77}},"4":{"start":{"line":45,"column":52},"end":{"line":45,"column":76}},"5":{"start":{"line":46,"column":35},"end":{"line":46,"column":55}},"6":{"start":{"line":48,"column":12},"end":{"line":50,"column":13}},"7":{"start":{"line":49,"column":16},"end":{"line":49,"column":131}},"8":{"start":{"line":52,"column":12},"end":{"line":52,"column":19}},"9":{"start":{"line":55,"column":8},"end":{"line":55,"column":45}},"10":{"start":{"line":57,"column":8},"end":{"line":57,"column":59}}},"fnMap":{"0":{"name":"(anonymous_0)","decl":{"start":{"line":7,"column":4},"end":{"line":7,"column":5}},"loc":{"start":{"line":7,"column":19},"end":{"line":58,"column":5}},"line":7},"1":{"name":"(anonymous_1)","decl":{"start":{"line":43,"column":32},"end":{"line":43,"column":33}},"loc":{"start":{"line":43,"column":48},"end":{"line":53,"column":9}},"line":43},"2":{"name":"(anonymous_2)","decl":{"start":{"line":45,"column":47},"end":{"line":45,"column":48}},"loc":{"start":{"line":45,"column":52},"end":{"line":45,"column":76}},"line":45}},"branchMap":{"0":{"loc":{"start":{"line":48,"column":12},"end":{"line":50,"column":13}},"type":"if","locations":[{"start":{"line":48,"column":12},"end":{"line":50,"column":13}},{"start":{},"end":{}}],"line":48}},"s":{"0":11,"1":11,"2":2,"3":2,"4":3,"5":2,"6":2,"7":1,"8":1,"9":11,"10":11},"f":{"0":11,"1":2,"2":3},"b":{"0":[1,1]},"_coverageSchema":"1a1c01bbd47fc00a2c39e90264f33305004495a9","hash":"146ac9bb654e53c4a90601cf5a8e07528ce31469"}
,"/Users/gilberto/development/repositorio/projetos_aula/2025/flutter/api/src/models/Rota.js": {"path":"/Users/gilberto/development/repositorio/projetos_aula/2025/flutter/api/src/models/Rota.js","statementMap":{"0":{"start":{"line":7,"column":27},"end":{"line":19,"column":9}},"1":{"start":{"line":22,"column":8},"end":{"line":22,"column":68}},"2":{"start":{"line":25,"column":8},"end":{"line":25,"column":44}},"3":{"start":{"line":28,"column":8},"end":{"line":33,"column":11}},"4":{"start":{"line":29,"column":12},"end":{"line":31,"column":13}},"5":{"start":{"line":30,"column":16},"end":{"line":30,"column":52}},"6":{"start":{"line":32,"column":12},"end":{"line":32,"column":19}},"7":{"start":{"line":35,"column":8},"end":{"line":35,"column":57}}},"fnMap":{"0":{"name":"(anonymous_0)","decl":{"start":{"line":6,"column":4},"end":{"line":6,"column":5}},"loc":{"start":{"line":6,"column":18},"end":{"line":36,"column":5}},"line":6},"1":{"name":"(anonymous_1)","decl":{"start":{"line":28,"column":31},"end":{"line":28,"column":32}},"loc":{"start":{"line":28,"column":47},"end":{"line":33,"column":9}},"line":28}},"branchMap":{"0":{"loc":{"start":{"line":29,"column":12},"end":{"line":31,"column":13}},"type":"if","locations":[{"start":{"line":29,"column":12},"end":{"line":31,"column":13}},{"start":{},"end":{}}],"line":29}},"s":{"0":8,"1":8,"2":8,"3":8,"4":4,"5":4,"6":4,"7":8},"f":{"0":8,"1":4},"b":{"0":[4,0]},"_coverageSchema":"1a1c01bbd47fc00a2c39e90264f33305004495a9","hash":"13142c36e499df8d8846f2e93db9a26700f3ac16"}
,"/Users/gilberto/development/repositorio/projetos_aula/2025/flutter/api/src/models/Unidade.js": {"path":"/Users/gilberto/development/repositorio/projetos_aula/2025/flutter/api/src/models/Unidade.js","statementMap":{"0":{"start":{"line":8,"column":30},"end":{"line":18,"column":9}},"1":{"start":{"line":21,"column":8},"end":{"line":21,"column":74}},"2":{"start":{"line":24,"column":8},"end":{"line":24,"column":47}},"3":{"start":{"line":25,"column":8},"end":{"line":25,"column":63}}},"fnMap":{"0":{"name":"(anonymous_0)","decl":{"start":{"line":7,"column":4},"end":{"line":7,"column":5}},"loc":{"start":{"line":7,"column":18},"end":{"line":26,"column":5}},"line":7}},"branchMap":{},"s":{"0":15,"1":15,"2":15,"3":15},"f":{"0":15},"b":{},"_coverageSchema":"1a1c01bbd47fc00a2c39e90264f33305004495a9","hash":"96bf973fc187bbfe2bb53d22405653ab7d2a2425"}
,"/Users/gilberto/development/repositorio/projetos_aula/2025/flutter/api/src/models/Usuario.js": {"path":"/Users/gilberto/development/repositorio/projetos_aula/2025/flutter/api/src/models/Usuario.js","statementMap":{"0":{"start":{"line":9,"column":26},"end":{"line":56,"column":5}},"1":{"start":{"line":59,"column":4},"end":{"line":69,"column":7}},"2":{"start":{"line":60,"column":25},"end":{"line":60,"column":40}},"3":{"start":{"line":61,"column":26},"end":{"line":61,"column":71}},"4":{"start":{"line":61,"column":46},"end":{"line":61,"column":70}},"5":{"start":{"line":62,"column":29},"end":{"line":62,"column":49}},"6":{"start":{"line":64,"column":6},"end":{"line":66,"column":7}},"7":{"start":{"line":65,"column":8},"end":{"line":65,"column":125}},"8":{"start":{"line":68,"column":6},"end":{"line":68,"column":13}},"9":{"start":{"line":71,"column":4},"end":{"line":71,"column":43}},"10":{"start":{"line":73,"column":4},"end":{"line":73,"column":59}}},"fnMap":{"0":{"name":"(anonymous_0)","decl":{"start":{"line":8,"column":2},"end":{"line":8,"column":3}},"loc":{"start":{"line":8,"column":16},"end":{"line":74,"column":3}},"line":8},"1":{"name":"(anonymous_1)","decl":{"start":{"line":59,"column":30},"end":{"line":59,"column":31}},"loc":{"start":{"line":59,"column":46},"end":{"line":69,"column":5}},"line":59},"2":{"name":"(anonymous_2)","decl":{"start":{"line":61,"column":41},"end":{"line":61,"column":42}},"loc":{"start":{"line":61,"column":46},"end":{"line":61,"column":70}},"line":61}},"branchMap":{"0":{"loc":{"start":{"line":64,"column":6},"end":{"line":66,"column":7}},"type":"if","locations":[{"start":{"line":64,"column":6},"end":{"line":66,"column":7}},{"start":{},"end":{}}],"line":64}},"s":{"0":7,"1":7,"2":6,"3":6,"4":5,"5":6,"6":6,"7":1,"8":5,"9":7,"10":7},"f":{"0":7,"1":6,"2":5},"b":{"0":[1,5]},"_coverageSchema":"1a1c01bbd47fc00a2c39e90264f33305004495a9","hash":"021d39e89e3c28f5a079a7062b4ccc1a327a7125"}
,"/Users/gilberto/development/repositorio/projetos_aula/2025/flutter/api/src/repositories/AuthRepository.js": {"path":"/Users/gilberto/development/repositorio/projetos_aula/2025/flutter/api/src/repositories/AuthRepository.js","statementMap":{"0":{"start":{"line":15,"column":8},"end":{"line":15,"column":34}},"1":{"start":{"line":16,"column":8},"end":{"line":16,"column":37}},"2":{"start":{"line":17,"column":8},"end":{"line":17,"column":41}},"3":{"start":{"line":18,"column":8},"end":{"line":18,"column":35}},"4":{"start":{"line":25,"column":26},"end":{"line":25,"column":55}},"5":{"start":{"line":26,"column":8},"end":{"line":34,"column":9}},"6":{"start":{"line":27,"column":12},"end":{"line":33,"column":15}},"7":{"start":{"line":35,"column":8},"end":{"line":35,"column":44}},"8":{"start":{"line":36,"column":8},"end":{"line":36,"column":46}},"9":{"start":{"line":37,"column":21},"end":{"line":37,"column":43}},"10":{"start":{"line":38,"column":8},"end":{"line":38,"column":20}},"11":{"start":{"line":46,"column":27},"end":{"line":49,"column":9}},"12":{"start":{"line":50,"column":24},"end":{"line":50,"column":96}},"13":{"start":{"line":53,"column":8},"end":{"line":61,"column":9}},"14":{"start":{"line":54,"column":12},"end":{"line":60,"column":15}},"15":{"start":{"line":62,"column":8},"end":{"line":62,"column":23}}},"fnMap":{"0":{"name":"(anonymous_0)","decl":{"start":{"line":9,"column":4},"end":{"line":9,"column":5}},"loc":{"start":{"line":14,"column":12},"end":{"line":19,"column":5}},"line":14},"1":{"name":"(anonymous_1)","decl":{"start":{"line":24,"column":4},"end":{"line":24,"column":5}},"loc":{"start":{"line":24,"column":57},"end":{"line":39,"column":5}},"line":24},"2":{"name":"(anonymous_2)","decl":{"start":{"line":44,"column":4},"end":{"line":44,"column":5}},"loc":{"start":{"line":44,"column":26},"end":{"line":63,"column":5}},"line":44}},"branchMap":{"0":{"loc":{"start":{"line":9,"column":16},"end":{"line":14,"column":10}},"type":"default-arg","locations":[{"start":{"line":14,"column":8},"end":{"line":14,"column":10}}],"line":9},"1":{"loc":{"start":{"line":10,"column":8},"end":{"line":10,"column":35}},"type":"default-arg","locations":[{"start":{"line":10,"column":23},"end":{"line":10,"column":35}}],"line":10},"2":{"loc":{"start":{"line":11,"column":8},"end":{"line":11,"column":31}},"type":"default-arg","locations":[{"start":{"line":11,"column":21},"end":{"line":11,"column":31}}],"line":11},"3":{"loc":{"start":{"line":12,"column":8},"end":{"line":12,"column":35}},"type":"default-arg","locations":[{"start":{"line":12,"column":23},"end":{"line":12,"column":35}}],"line":12},"4":{"loc":{"start":{"line":13,"column":8},"end":{"line":13,"column":29}},"type":"default-arg","locations":[{"start":{"line":13,"column":20},"end":{"line":13,"column":29}}],"line":13},"5":{"loc":{"start":{"line":26,"column":8},"end":{"line":34,"column":9}},"type":"if","locations":[{"start":{"line":26,"column":8},"end":{"line":34,"column":9}},{"start":{},"end":{}}],"line":26},"6":{"loc":{"start":{"line":53,"column":8},"end":{"line":61,"column":9}},"type":"if","locations":[{"start":{"line":53,"column":8},"end":{"line":61,"column":9}},{"start":{},"end":{}}],"line":53}},"s":{"0":5,"1":5,"2":5,"3":5,"4":2,"5":2,"6":1,"7":1,"8":1,"9":1,"10":1,"11":2,"12":2,"13":2,"14":1,"15":1},"f":{"0":5,"1":2,"2":2},"b":{"0":[5],"1":[5],"2":[5],"3":[5],"4":[5],"5":[1,1],"6":[1,1]},"_coverageSchema":"1a1c01bbd47fc00a2c39e90264f33305004495a9","hash":"171be8a3dbebe02d8d8d05f2b4a2cb9b52725c5e"}
,"/Users/gilberto/development/repositorio/projetos_aula/2025/flutter/api/src/repositories/GrupoRepository.js": {"path":"/Users/gilberto/development/repositorio/projetos_aula/2025/flutter/api/src/repositories/GrupoRepository.js","statementMap":{"0":{"start":{"line":20,"column":8},"end":{"line":20,"column":32}},"1":{"start":{"line":21,"column":8},"end":{"line":21,"column":41}},"2":{"start":{"line":22,"column":8},"end":{"line":22,"column":35}},"3":{"start":{"line":23,"column":8},"end":{"line":23,"column":41}},"4":{"start":{"line":24,"column":8},"end":{"line":24,"column":53}},"5":{"start":{"line":25,"column":8},"end":{"line":25,"column":39}},"6":{"start":{"line":32,"column":28},"end":{"line":32,"column":88}},"7":{"start":{"line":32,"column":48},"end":{"line":32,"column":87}},"8":{"start":{"line":33,"column":34},"end":{"line":33,"column":59}},"9":{"start":{"line":34,"column":8},"end":{"line":37,"column":11}},"10":{"start":{"line":35,"column":36},"end":{"line":35,"column":57}},"11":{"start":{"line":36,"column":12},"end":{"line":36,"column":79}},"12":{"start":{"line":44,"column":28},"end":{"line":44,"column":97}},"13":{"start":{"line":44,"column":56},"end":{"line":44,"column":96}},"14":{"start":{"line":45,"column":23},"end":{"line":45,"column":25}},"15":{"start":{"line":46,"column":8},"end":{"line":48,"column":11}},"16":{"start":{"line":47,"column":12},"end":{"line":47,"column":63}},"17":{"start":{"line":49,"column":27},"end":{"line":49,"column":91}},"18":{"start":{"line":49,"column":68},"end":{"line":49,"column":90}},"19":{"start":{"line":50,"column":33},"end":{"line":50,"column":35}},"20":{"start":{"line":51,"column":21},"end":{"line":51,"column":30}},"21":{"start":{"line":52,"column":8},"end":{"line":58,"column":11}},"22":{"start":{"line":53,"column":31},"end":{"line":53,"column":71}},"23":{"start":{"line":54,"column":12},"end":{"line":57,"column":13}},"24":{"start":{"line":55,"column":16},"end":{"line":55,"column":37}},"25":{"start":{"line":56,"column":16},"end":{"line":56,"column":49}},"26":{"start":{"line":59,"column":8},"end":{"line":59,"column":32}},"27":{"start":{"line":67,"column":23},"end":{"line":67,"column":31}},"28":{"start":{"line":70,"column":8},"end":{"line":72,"column":9}},"29":{"start":{"line":71,"column":12},"end":{"line":71,"column":45}},"30":{"start":{"line":75,"column":26},"end":{"line":75,"column":58}},"31":{"start":{"line":78,"column":8},"end":{"line":78,"column":25}},"32":{"start":{"line":87,"column":22},"end":{"line":87,"column":51}},"33":{"start":{"line":88,"column":8},"end":{"line":98,"column":9}},"34":{"start":{"line":89,"column":12},"end":{"line":97,"column":14}},"35":{"start":{"line":99,"column":8},"end":{"line":99,"column":21}},"36":{"start":{"line":109,"column":22},"end":{"line":112,"column":11}},"37":{"start":{"line":109,"column":43},"end":{"line":112,"column":9}},"38":{"start":{"line":114,"column":33},"end":{"line":114,"column":74}},"39":{"start":{"line":115,"column":8},"end":{"line":115,"column":32}},"40":{"start":{"line":123,"column":8},"end":{"line":220,"column":9}},"41":{"start":{"line":124,"column":12},"end":{"line":124,"column":62}},"42":{"start":{"line":125,"column":23},"end":{"line":125,"column":44}},"43":{"start":{"line":127,"column":12},"end":{"line":154,"column":13}},"44":{"start":{"line":128,"column":29},"end":{"line":130,"column":41}},"45":{"start":{"line":131,"column":16},"end":{"line":139,"column":17}},"46":{"start":{"line":132,"column":20},"end":{"line":138,"column":23}},"47":{"start":{"line":142,"column":38},"end":{"line":142,"column":78}},"48":{"start":{"line":143,"column":40},"end":{"line":143,"column":84}},"49":{"start":{"line":145,"column":38},"end":{"line":151,"column":17}},"50":{"start":{"line":153,"column":16},"end":{"line":153,"column":28}},"51":{"start":{"line":157,"column":75},"end":{"line":157,"column":84}},"52":{"start":{"line":160,"column":27},"end":{"line":160,"column":78}},"53":{"start":{"line":163,"column":34},"end":{"line":166,"column":38}},"54":{"start":{"line":168,"column":12},"end":{"line":168,"column":52}},"55":{"start":{"line":171,"column":28},"end":{"line":171,"column":49}},"56":{"start":{"line":172,"column":12},"end":{"line":172,"column":57}},"57":{"start":{"line":175,"column":28},"end":{"line":183,"column":13}},"58":{"start":{"line":185,"column":30},"end":{"line":185,"column":73}},"59":{"start":{"line":186,"column":12},"end":{"line":186,"column":62}},"60":{"start":{"line":190,"column":12},"end":{"line":203,"column":15}},"61":{"start":{"line":191,"column":33},"end":{"line":191,"column":90}},"62":{"start":{"line":193,"column":38},"end":{"line":193,"column":86}},"63":{"start":{"line":194,"column":40},"end":{"line":194,"column":92}},"64":{"start":{"line":196,"column":16},"end":{"line":202,"column":18}},"65":{"start":{"line":205,"column":12},"end":{"line":205,"column":29}},"66":{"start":{"line":207,"column":12},"end":{"line":207,"column":59}},"67":{"start":{"line":209,"column":12},"end":{"line":211,"column":13}},"68":{"start":{"line":210,"column":16},"end":{"line":210,"column":28}},"69":{"start":{"line":213,"column":12},"end":{"line":219,"column":15}},"70":{"start":{"line":229,"column":8},"end":{"line":241,"column":9}},"71":{"start":{"line":230,"column":39},"end":{"line":230,"column":86}},"72":{"start":{"line":231,"column":12},"end":{"line":231,"column":38}},"73":{"start":{"line":233,"column":12},"end":{"line":233,"column":75}},"74":{"start":{"line":234,"column":12},"end":{"line":240,"column":15}},"75":{"start":{"line":247,"column":22},"end":{"line":247,"column":48}},"76":{"start":{"line":248,"column":8},"end":{"line":248,"column":34}},"77":{"start":{"line":253,"column":8},"end":{"line":280,"column":9}},"78":{"start":{"line":254,"column":26},"end":{"line":254,"column":91}},"79":{"start":{"line":256,"column":12},"end":{"line":264,"column":13}},"80":{"start":{"line":257,"column":16},"end":{"line":263,"column":19}},"81":{"start":{"line":265,"column":12},"end":{"line":265,"column":25}},"82":{"start":{"line":267,"column":12},"end":{"line":267,"column":61}},"83":{"start":{"line":269,"column":12},"end":{"line":271,"column":13}},"84":{"start":{"line":270,"column":16},"end":{"line":270,"column":28}},"85":{"start":{"line":273,"column":12},"end":{"line":279,"column":15}},"86":{"start":{"line":287,"column":8},"end":{"line":314,"column":9}},"87":{"start":{"line":288,"column":34},"end":{"line":288,"column":72}},"88":{"start":{"line":290,"column":12},"end":{"line":298,"column":13}},"89":{"start":{"line":291,"column":16},"end":{"line":297,"column":19}},"90":{"start":{"line":299,"column":12},"end":{"line":299,"column":33}},"91":{"start":{"line":301,"column":12},"end":{"line":301,"column":59}},"92":{"start":{"line":303,"column":12},"end":{"line":305,"column":13}},"93":{"start":{"line":304,"column":16},"end":{"line":304,"column":28}},"94":{"start":{"line":307,"column":12},"end":{"line":313,"column":15}}},"fnMap":{"0":{"name":"(anonymous_0)","decl":{"start":{"line":12,"column":4},"end":{"line":12,"column":5}},"loc":{"start":{"line":19,"column":12},"end":{"line":26,"column":5}},"line":19},"1":{"name":"(anonymous_1)","decl":{"start":{"line":31,"column":4},"end":{"line":31,"column":5}},"loc":{"start":{"line":31,"column":50},"end":{"line":38,"column":5}},"line":31},"2":{"name":"(anonymous_2)","decl":{"start":{"line":32,"column":43},"end":{"line":32,"column":44}},"loc":{"start":{"line":32,"column":48},"end":{"line":32,"column":87}},"line":32},"3":{"name":"(anonymous_3)","decl":{"start":{"line":34,"column":37},"end":{"line":34,"column":38}},"loc":{"start":{"line":34,"column":51},"end":{"line":37,"column":9}},"line":34},"4":{"name":"(anonymous_4)","decl":{"start":{"line":43,"column":4},"end":{"line":43,"column":5}},"loc":{"start":{"line":43,"column":64},"end":{"line":60,"column":5}},"line":43},"5":{"name":"(anonymous_5)","decl":{"start":{"line":44,"column":43},"end":{"line":44,"column":44}},"loc":{"start":{"line":44,"column":56},"end":{"line":44,"column":96}},"line":44},"6":{"name":"(anonymous_6)","decl":{"start":{"line":46,"column":28},"end":{"line":46,"column":29}},"loc":{"start":{"line":46,"column":42},"end":{"line":48,"column":9}},"line":46},"7":{"name":"(anonymous_7)","decl":{"start":{"line":49,"column":54},"end":{"line":49,"column":55}},"loc":{"start":{"line":49,"column":68},"end":{"line":49,"column":90}},"line":49},"8":{"name":"(anonymous_8)","decl":{"start":{"line":52,"column":27},"end":{"line":52,"column":28}},"loc":{"start":{"line":52,"column":40},"end":{"line":58,"column":9}},"line":52},"9":{"name":"(anonymous_9)","decl":{"start":{"line":65,"column":4},"end":{"line":65,"column":5}},"loc":{"start":{"line":65,"column":49},"end":{"line":79,"column":5}},"line":65},"10":{"name":"(anonymous_10)","decl":{"start":{"line":86,"column":4},"end":{"line":86,"column":5}},"loc":{"start":{"line":86,"column":26},"end":{"line":100,"column":5}},"line":86},"11":{"name":"(anonymous_11)","decl":{"start":{"line":106,"column":4},"end":{"line":106,"column":5}},"loc":{"start":{"line":106,"column":41},"end":{"line":116,"column":5}},"line":106},"12":{"name":"(anonymous_12)","decl":{"start":{"line":109,"column":37},"end":{"line":109,"column":38}},"loc":{"start":{"line":109,"column":43},"end":{"line":112,"column":9}},"line":109},"13":{"name":"(anonymous_13)","decl":{"start":{"line":122,"column":4},"end":{"line":122,"column":5}},"loc":{"start":{"line":122,"column":22},"end":{"line":221,"column":5}},"line":122},"14":{"name":"(anonymous_14)","decl":{"start":{"line":190,"column":48},"end":{"line":190,"column":49}},"loc":{"start":{"line":190,"column":55},"end":{"line":203,"column":13}},"line":190},"15":{"name":"(anonymous_15)","decl":{"start":{"line":228,"column":4},"end":{"line":228,"column":5}},"loc":{"start":{"line":228,"column":42},"end":{"line":242,"column":5}},"line":228},"16":{"name":"(anonymous_16)","decl":{"start":{"line":246,"column":4},"end":{"line":246,"column":5}},"loc":{"start":{"line":246,"column":28},"end":{"line":249,"column":5}},"line":246},"17":{"name":"(anonymous_17)","decl":{"start":{"line":252,"column":4},"end":{"line":252,"column":5}},"loc":{"start":{"line":252,"column":36},"end":{"line":281,"column":5}},"line":252},"18":{"name":"(anonymous_18)","decl":{"start":{"line":286,"column":4},"end":{"line":286,"column":5}},"loc":{"start":{"line":286,"column":22},"end":{"line":315,"column":5}},"line":286}},"branchMap":{"0":{"loc":{"start":{"line":12,"column":16},"end":{"line":19,"column":10}},"type":"default-arg","locations":[{"start":{"line":19,"column":8},"end":{"line":19,"column":10}}],"line":12},"1":{"loc":{"start":{"line":13,"column":8},"end":{"line":13,"column":31}},"type":"default-arg","locations":[{"start":{"line":13,"column":21},"end":{"line":13,"column":31}}],"line":13},"2":{"loc":{"start":{"line":14,"column":8},"end":{"line":14,"column":35}},"type":"default-arg","locations":[{"start":{"line":14,"column":23},"end":{"line":14,"column":35}}],"line":14},"3":{"loc":{"start":{"line":15,"column":8},"end":{"line":15,"column":29}},"type":"default-arg","locations":[{"start":{"line":15,"column":20},"end":{"line":15,"column":29}}],"line":15},"4":{"loc":{"start":{"line":16,"column":8},"end":{"line":16,"column":35}},"type":"default-arg","locations":[{"start":{"line":16,"column":23},"end":{"line":16,"column":35}}],"line":16},"5":{"loc":{"start":{"line":17,"column":8},"end":{"line":17,"column":47}},"type":"default-arg","locations":[{"start":{"line":17,"column":29},"end":{"line":17,"column":47}}],"line":17},"6":{"loc":{"start":{"line":18,"column":8},"end":{"line":18,"column":33}},"type":"default-arg","locations":[{"start":{"line":18,"column":22},"end":{"line":18,"column":33}}],"line":18},"7":{"loc":{"start":{"line":32,"column":61},"end":{"line":32,"column":85}},"type":"binary-expr","locations":[{"start":{"line":32,"column":61},"end":{"line":32,"column":70}},{"start":{"line":32,"column":74},"end":{"line":32,"column":85}}],"line":32},"8":{"loc":{"start":{"line":36,"column":36},"end":{"line":36,"column":76}},"type":"cond-expr","locations":[{"start":{"line":36,"column":62},"end":{"line":36,"column":66}},{"start":{"line":36,"column":69},"end":{"line":36,"column":76}}],"line":36},"9":{"loc":{"start":{"line":47,"column":34},"end":{"line":47,"column":57}},"type":"binary-expr","locations":[{"start":{"line":47,"column":34},"end":{"line":47,"column":52}},{"start":{"line":47,"column":56},"end":{"line":47,"column":57}}],"line":47},"10":{"loc":{"start":{"line":54,"column":12},"end":{"line":57,"column":13}},"type":"if","locations":[{"start":{"line":54,"column":12},"end":{"line":57,"column":13}},{"start":{},"end":{}}],"line":54},"11":{"loc":{"start":{"line":54,"column":16},"end":{"line":54,"column":72}},"type":"binary-expr","locations":[{"start":{"line":54,"column":16},"end":{"line":54,"column":47}},{"start":{"line":54,"column":51},"end":{"line":54,"column":72}}],"line":54},"12":{"loc":{"start":{"line":65,"column":30},"end":{"line":65,"column":47}},"type":"default-arg","locations":[{"start":{"line":65,"column":43},"end":{"line":65,"column":47}}],"line":65},"13":{"loc":{"start":{"line":70,"column":8},"end":{"line":72,"column":9}},"type":"if","locations":[{"start":{"line":70,"column":8},"end":{"line":72,"column":9}},{"start":{},"end":{}}],"line":70},"14":{"loc":{"start":{"line":88,"column":8},"end":{"line":98,"column":9}},"type":"if","locations":[{"start":{"line":88,"column":8},"end":{"line":98,"column":9}},{"start":{},"end":{}}],"line":88},"15":{"loc":{"start":{"line":111,"column":21},"end":{"line":111,"column":38}},"type":"binary-expr","locations":[{"start":{"line":111,"column":21},"end":{"line":111,"column":30}},{"start":{"line":111,"column":34},"end":{"line":111,"column":38}}],"line":111},"16":{"loc":{"start":{"line":125,"column":23},"end":{"line":125,"column":44}},"type":"binary-expr","locations":[{"start":{"line":125,"column":23},"end":{"line":125,"column":36}},{"start":{"line":125,"column":40},"end":{"line":125,"column":44}}],"line":125},"17":{"loc":{"start":{"line":127,"column":12},"end":{"line":154,"column":13}},"type":"if","locations":[{"start":{"line":127,"column":12},"end":{"line":154,"column":13}},{"start":{},"end":{}}],"line":127},"18":{"loc":{"start":{"line":131,"column":16},"end":{"line":139,"column":17}},"type":"if","locations":[{"start":{"line":131,"column":16},"end":{"line":139,"column":17}},{"start":{},"end":{}}],"line":131},"19":{"loc":{"start":{"line":142,"column":38},"end":{"line":142,"column":78}},"type":"cond-expr","locations":[{"start":{"line":142,"column":54},"end":{"line":142,"column":74}},{"start":{"line":142,"column":77},"end":{"line":142,"column":78}}],"line":142},"20":{"loc":{"start":{"line":143,"column":40},"end":{"line":143,"column":84}},"type":"cond-expr","locations":[{"start":{"line":143,"column":58},"end":{"line":143,"column":80}},{"start":{"line":143,"column":83},"end":{"line":143,"column":84}}],"line":143},"21":{"loc":{"start":{"line":157,"column":37},"end":{"line":157,"column":51}},"type":"default-arg","locations":[{"start":{"line":157,"column":45},"end":{"line":157,"column":51}}],"line":157},"22":{"loc":{"start":{"line":157,"column":62},"end":{"line":157,"column":70}},"type":"default-arg","locations":[{"start":{"line":157,"column":69},"end":{"line":157,"column":70}}],"line":157},"23":{"loc":{"start":{"line":160,"column":36},"end":{"line":160,"column":72}},"type":"binary-expr","locations":[{"start":{"line":160,"column":36},"end":{"line":160,"column":66}},{"start":{"line":160,"column":70},"end":{"line":160,"column":72}}],"line":160},"24":{"loc":{"start":{"line":164,"column":25},"end":{"line":164,"column":35}},"type":"binary-expr","locations":[{"start":{"line":164,"column":25},"end":{"line":164,"column":29}},{"start":{"line":164,"column":33},"end":{"line":164,"column":35}}],"line":164},"25":{"loc":{"start":{"line":165,"column":30},"end":{"line":165,"column":45}},"type":"binary-expr","locations":[{"start":{"line":165,"column":30},"end":{"line":165,"column":39}},{"start":{"line":165,"column":43},"end":{"line":165,"column":45}}],"line":165},"26":{"loc":{"start":{"line":166,"column":26},"end":{"line":166,"column":37}},"type":"binary-expr","locations":[{"start":{"line":166,"column":26},"end":{"line":166,"column":31}},{"start":{"line":166,"column":35},"end":{"line":166,"column":37}}],"line":166},"27":{"loc":{"start":{"line":191,"column":33},"end":{"line":191,"column":90}},"type":"cond-expr","locations":[{"start":{"line":191,"column":70},"end":{"line":191,"column":84}},{"start":{"line":191,"column":87},"end":{"line":191,"column":90}}],"line":191},"28":{"loc":{"start":{"line":193,"column":38},"end":{"line":193,"column":86}},"type":"cond-expr","locations":[{"start":{"line":193,"column":58},"end":{"line":193,"column":82}},{"start":{"line":193,"column":85},"end":{"line":193,"column":86}}],"line":193},"29":{"loc":{"start":{"line":194,"column":40},"end":{"line":194,"column":92}},"type":"cond-expr","locations":[{"start":{"line":194,"column":62},"end":{"line":194,"column":88}},{"start":{"line":194,"column":91},"end":{"line":194,"column":92}}],"line":194},"30":{"loc":{"start":{"line":209,"column":12},"end":{"line":211,"column":13}},"type":"if","locations":[{"start":{"line":209,"column":12},"end":{"line":211,"column":13}},{"start":{},"end":{}}],"line":209},"31":{"loc":{"start":{"line":256,"column":12},"end":{"line":264,"column":13}},"type":"if","locations":[{"start":{"line":256,"column":12},"end":{"line":264,"column":13}},{"start":{},"end":{}}],"line":256},"32":{"loc":{"start":{"line":269,"column":12},"end":{"line":271,"column":13}},"type":"if","locations":[{"start":{"line":269,"column":12},"end":{"line":271,"column":13}},{"start":{},"end":{}}],"line":269},"33":{"loc":{"start":{"line":290,"column":12},"end":{"line":298,"column":13}},"type":"if","locations":[{"start":{"line":290,"column":12},"end":{"line":298,"column":13}},{"start":{},"end":{}}],"line":290},"34":{"loc":{"start":{"line":303,"column":12},"end":{"line":305,"column":13}},"type":"if","locations":[{"start":{"line":303,"column":12},"end":{"line":305,"column":13}},{"start":{},"end":{}}],"line":303}},"s":{"0":47,"1":47,"2":47,"3":47,"4":47,"5":47,"6":1,"7":3,"8":1,"9":1,"10":2,"11":2,"12":1,"13":3,"14":1,"15":1,"16":3,"17":1,"18":2,"19":1,"20":1,"21":1,"22":3,"23":3,"24":1,"25":1,"26":1,"27":3,"28":3,"29":1,"30":3,"31":3,"32":2,"33":2,"34":1,"35":1,"36":2,"37":4,"38":2,"39":2,"40":11,"41":11,"42":11,"43":11,"44":2,"45":2,"46":1,"47":1,"48":1,"49":1,"50":0,"51":9,"52":9,"53":9,"54":9,"55":9,"56":3,"57":3,"58":3,"59":3,"60":3,"61":3,"62":3,"63":3,"64":3,"65":3,"66":8,"67":8,"68":1,"69":7,"70":5,"71":5,"72":2,"73":3,"74":3,"75":6,"76":6,"77":5,"78":5,"79":2,"80":1,"81":1,"82":4,"83":4,"84":1,"85":3,"86":5,"87":5,"88":2,"89":1,"90":1,"91":4,"92":4,"93":1,"94":3},"f":{"0":47,"1":1,"2":3,"3":2,"4":1,"5":3,"6":3,"7":2,"8":3,"9":3,"10":2,"11":2,"12":4,"13":11,"14":3,"15":5,"16":6,"17":5,"18":5},"b":{"0":[19],"1":[19],"2":[19],"3":[19],"4":[19],"5":[19],"6":[47],"7":[3,0],"8":[0,2],"9":[3,2],"10":[1,2],"11":[3,2],"12":[2],"13":[1,2],"14":[1,1],"15":[4,0],"16":[11,9],"17":[2,9],"18":[1,1],"19":[0,1],"20":[0,1],"21":[0],"22":[0],"23":[9,0],"24":[9,0],"25":[9,0],"26":[9,0],"27":[0,3],"28":[0,3],"29":[0,3],"30":[1,7],"31":[1,1],"32":[1,3],"33":[1,1],"34":[1,3]},"_coverageSchema":"1a1c01bbd47fc00a2c39e90264f33305004495a9","hash":"fafba2f476e37ecf0b2c03793ab2da6634acbd26"}
,"/Users/gilberto/development/repositorio/projetos_aula/2025/flutter/api/src/repositories/UnidadeRepository.js": {"path":"/Users/gilberto/development/repositorio/projetos_aula/2025/flutter/api/src/repositories/UnidadeRepository.js","statementMap":{"0":{"start":{"line":10,"column":8},"end":{"line":10,"column":34}},"1":{"start":{"line":16,"column":23},"end":{"line":37,"column":10}},"2":{"start":{"line":38,"column":8},"end":{"line":38,"column":22}},"3":{"start":{"line":46,"column":25},"end":{"line":67,"column":10}},"4":{"start":{"line":68,"column":8},"end":{"line":68,"column":23}},"5":{"start":{"line":76,"column":23},"end":{"line":76,"column":31}},"6":{"start":{"line":77,"column":8},"end":{"line":79,"column":9}},"7":{"start":{"line":78,"column":12},"end":{"line":78,"column":46}},"8":{"start":{"line":80,"column":8},"end":{"line":82,"column":9}},"9":{"start":{"line":81,"column":12},"end":{"line":81,"column":43}},"10":{"start":{"line":83,"column":26},"end":{"line":83,"column":58}},"11":{"start":{"line":84,"column":8},"end":{"line":84,"column":25}},"12":{"start":{"line":93,"column":21},"end":{"line":93,"column":50}},"13":{"start":{"line":94,"column":8},"end":{"line":102,"column":9}},"14":{"start":{"line":95,"column":12},"end":{"line":101,"column":15}},"15":{"start":{"line":103,"column":8},"end":{"line":103,"column":20}},"16":{"start":{"line":107,"column":19},"end":{"line":107,"column":42}},"17":{"start":{"line":110,"column":8},"end":{"line":139,"column":9}},"18":{"start":{"line":111,"column":25},"end":{"line":111,"column":54}},"19":{"start":{"line":112,"column":12},"end":{"line":120,"column":13}},"20":{"start":{"line":113,"column":16},"end":{"line":119,"column":19}},"21":{"start":{"line":122,"column":33},"end":{"line":122,"column":81}},"22":{"start":{"line":123,"column":32},"end":{"line":123,"column":79}},"23":{"start":{"line":125,"column":35},"end":{"line":125,"column":85}},"24":{"start":{"line":126,"column":34},"end":{"line":126,"column":85}},"25":{"start":{"line":128,"column":12},"end":{"line":128,"column":52}},"26":{"start":{"line":131,"column":34},"end":{"line":137,"column":13}},"27":{"start":{"line":138,"column":12},"end":{"line":138,"column":33}},"28":{"start":{"line":142,"column":54},"end":{"line":142,"column":69}},"29":{"start":{"line":145,"column":23},"end":{"line":145,"column":75}},"30":{"start":{"line":148,"column":30},"end":{"line":151,"column":28}},"31":{"start":{"line":154,"column":8},"end":{"line":162,"column":9}},"32":{"start":{"line":155,"column":12},"end":{"line":161,"column":15}},"33":{"start":{"line":165,"column":24},"end":{"line":165,"column":45}},"34":{"start":{"line":166,"column":24},"end":{"line":170,"column":9}},"35":{"start":{"line":173,"column":26},"end":{"line":173,"column":69}},"36":{"start":{"line":176,"column":8},"end":{"line":193,"column":12}},"37":{"start":{"line":178,"column":31},"end":{"line":178,"column":88}},"38":{"start":{"line":180,"column":33},"end":{"line":180,"column":87}},"39":{"start":{"line":181,"column":32},"end":{"line":181,"column":79}},"40":{"start":{"line":183,"column":35},"end":{"line":183,"column":91}},"41":{"start":{"line":184,"column":34},"end":{"line":184,"column":85}},"42":{"start":{"line":186,"column":12},"end":{"line":192,"column":14}},"43":{"start":{"line":195,"column":8},"end":{"line":195,"column":25}},"44":{"start":{"line":200,"column":24},"end":{"line":200,"column":52}},"45":{"start":{"line":201,"column":8},"end":{"line":201,"column":36}},"46":{"start":{"line":208,"column":24},"end":{"line":208,"column":95}},"47":{"start":{"line":211,"column":8},"end":{"line":219,"column":9}},"48":{"start":{"line":212,"column":12},"end":{"line":218,"column":15}},"49":{"start":{"line":221,"column":8},"end":{"line":221,"column":23}},"50":{"start":{"line":228,"column":32},"end":{"line":228,"column":70}},"51":{"start":{"line":231,"column":8},"end":{"line":239,"column":9}},"52":{"start":{"line":232,"column":12},"end":{"line":238,"column":15}},"53":{"start":{"line":240,"column":8},"end":{"line":240,"column":31}},"54":{"start":{"line":247,"column":35},"end":{"line":247,"column":79}},"55":{"start":{"line":248,"column":8},"end":{"line":248,"column":34}}},"fnMap":{"0":{"name":"(anonymous_0)","decl":{"start":{"line":9,"column":4},"end":{"line":9,"column":5}},"loc":{"start":{"line":9,"column":18},"end":{"line":11,"column":5}},"line":9},"1":{"name":"(anonymous_1)","decl":{"start":{"line":15,"column":4},"end":{"line":15,"column":5}},"loc":{"start":{"line":15,"column":49},"end":{"line":39,"column":5}},"line":15},"2":{"name":"(anonymous_2)","decl":{"start":{"line":45,"column":4},"end":{"line":45,"column":5}},"loc":{"start":{"line":45,"column":51},"end":{"line":69,"column":5}},"line":45},"3":{"name":"(anonymous_3)","decl":{"start":{"line":75,"column":4},"end":{"line":75,"column":5}},"loc":{"start":{"line":75,"column":69},"end":{"line":85,"column":5}},"line":75},"4":{"name":"(anonymous_4)","decl":{"start":{"line":92,"column":4},"end":{"line":92,"column":5}},"loc":{"start":{"line":92,"column":26},"end":{"line":104,"column":5}},"line":92},"5":{"name":"(anonymous_5)","decl":{"start":{"line":106,"column":4},"end":{"line":106,"column":5}},"loc":{"start":{"line":106,"column":22},"end":{"line":196,"column":5}},"line":106},"6":{"name":"(anonymous_6)","decl":{"start":{"line":176,"column":62},"end":{"line":176,"column":63}},"loc":{"start":{"line":176,"column":77},"end":{"line":193,"column":9}},"line":176},"7":{"name":"(anonymous_7)","decl":{"start":{"line":199,"column":4},"end":{"line":199,"column":5}},"loc":{"start":{"line":199,"column":30},"end":{"line":202,"column":5}},"line":199},"8":{"name":"(anonymous_8)","decl":{"start":{"line":207,"column":4},"end":{"line":207,"column":5}},"loc":{"start":{"line":207,"column":42},"end":{"line":222,"column":5}},"line":207},"9":{"name":"(anonymous_9)","decl":{"start":{"line":227,"column":4},"end":{"line":227,"column":5}},"loc":{"start":{"line":227,"column":22},"end":{"line":241,"column":5}},"line":227},"10":{"name":"(anonymous_10)","decl":{"start":{"line":246,"column":4},"end":{"line":246,"column":5}},"loc":{"start":{"line":246,"column":42},"end":{"line":249,"column":5}},"line":246}},"branchMap":{"0":{"loc":{"start":{"line":75,"column":30},"end":{"line":75,"column":47}},"type":"default-arg","locations":[{"start":{"line":75,"column":43},"end":{"line":75,"column":47}}],"line":75},"1":{"loc":{"start":{"line":75,"column":49},"end":{"line":75,"column":67}},"type":"default-arg","locations":[{"start":{"line":75,"column":63},"end":{"line":75,"column":67}}],"line":75},"2":{"loc":{"start":{"line":77,"column":8},"end":{"line":79,"column":9}},"type":"if","locations":[{"start":{"line":77,"column":8},"end":{"line":79,"column":9}},{"start":{},"end":{}}],"line":77},"3":{"loc":{"start":{"line":80,"column":8},"end":{"line":82,"column":9}},"type":"if","locations":[{"start":{"line":80,"column":8},"end":{"line":82,"column":9}},{"start":{},"end":{}}],"line":80},"4":{"loc":{"start":{"line":94,"column":8},"end":{"line":102,"column":9}},"type":"if","locations":[{"start":{"line":94,"column":8},"end":{"line":102,"column":9}},{"start":{},"end":{}}],"line":94},"5":{"loc":{"start":{"line":107,"column":19},"end":{"line":107,"column":42}},"type":"binary-expr","locations":[{"start":{"line":107,"column":19},"end":{"line":107,"column":34}},{"start":{"line":107,"column":38},"end":{"line":107,"column":42}}],"line":107},"6":{"loc":{"start":{"line":110,"column":8},"end":{"line":139,"column":9}},"type":"if","locations":[{"start":{"line":110,"column":8},"end":{"line":139,"column":9}},{"start":{},"end":{}}],"line":110},"7":{"loc":{"start":{"line":112,"column":12},"end":{"line":120,"column":13}},"type":"if","locations":[{"start":{"line":112,"column":12},"end":{"line":120,"column":13}},{"start":{},"end":{}}],"line":112},"8":{"loc":{"start":{"line":123,"column":32},"end":{"line":123,"column":79}},"type":"cond-expr","locations":[{"start":{"line":123,"column":54},"end":{"line":123,"column":75}},{"start":{"line":123,"column":78},"end":{"line":123,"column":79}}],"line":123},"9":{"loc":{"start":{"line":126,"column":34},"end":{"line":126,"column":85}},"type":"cond-expr","locations":[{"start":{"line":126,"column":58},"end":{"line":126,"column":81}},{"start":{"line":126,"column":84},"end":{"line":126,"column":85}}],"line":126},"10":{"loc":{"start":{"line":142,"column":41},"end":{"line":142,"column":49}},"type":"default-arg","locations":[{"start":{"line":142,"column":48},"end":{"line":142,"column":49}}],"line":142},"11":{"loc":{"start":{"line":142,"column":54},"end":{"line":142,"column":69}},"type":"binary-expr","locations":[{"start":{"line":142,"column":54},"end":{"line":142,"column":63}},{"start":{"line":142,"column":67},"end":{"line":142,"column":69}}],"line":142},"12":{"loc":{"start":{"line":145,"column":32},"end":{"line":145,"column":69}},"type":"binary-expr","locations":[{"start":{"line":145,"column":32},"end":{"line":145,"column":63}},{"start":{"line":145,"column":67},"end":{"line":145,"column":69}}],"line":145},"13":{"loc":{"start":{"line":154,"column":8},"end":{"line":162,"column":9}},"type":"if","locations":[{"start":{"line":154,"column":8},"end":{"line":162,"column":9}},{"start":{},"end":{}}],"line":154},"14":{"loc":{"start":{"line":178,"column":31},"end":{"line":178,"column":88}},"type":"cond-expr","locations":[{"start":{"line":178,"column":68},"end":{"line":178,"column":82}},{"start":{"line":178,"column":85},"end":{"line":178,"column":88}}],"line":178},"15":{"loc":{"start":{"line":181,"column":32},"end":{"line":181,"column":79}},"type":"cond-expr","locations":[{"start":{"line":181,"column":54},"end":{"line":181,"column":75}},{"start":{"line":181,"column":78},"end":{"line":181,"column":79}}],"line":181},"16":{"loc":{"start":{"line":184,"column":34},"end":{"line":184,"column":85}},"type":"cond-expr","locations":[{"start":{"line":184,"column":58},"end":{"line":184,"column":81}},{"start":{"line":184,"column":84},"end":{"line":184,"column":85}}],"line":184},"17":{"loc":{"start":{"line":211,"column":8},"end":{"line":219,"column":9}},"type":"if","locations":[{"start":{"line":211,"column":8},"end":{"line":219,"column":9}},{"start":{},"end":{}}],"line":211},"18":{"loc":{"start":{"line":231,"column":8},"end":{"line":239,"column":9}},"type":"if","locations":[{"start":{"line":231,"column":8},"end":{"line":239,"column":9}},{"start":{},"end":{}}],"line":231}},"s":{"0":29,"1":1,"2":0,"3":0,"4":0,"5":0,"6":0,"7":0,"8":0,"9":0,"10":0,"11":0,"12":0,"13":0,"14":0,"15":0,"16":3,"17":3,"18":1,"19":1,"20":0,"21":1,"22":0,"23":0,"24":0,"25":0,"26":0,"27":0,"28":2,"29":2,"30":2,"31":2,"32":0,"33":2,"34":2,"35":2,"36":1,"37":0,"38":0,"39":0,"40":0,"41":0,"42":0,"43":0,"44":2,"45":2,"46":2,"47":1,"48":0,"49":1,"50":2,"51":1,"52":0,"53":1,"54":0,"55":0},"f":{"0":29,"1":1,"2":0,"3":0,"4":0,"5":3,"6":0,"7":2,"8":2,"9":2,"10":0},"b":{"0":[0],"1":[0],"2":[0,0],"3":[0,0],"4":[0,0],"5":[3,2],"6":[1,2],"7":[0,1],"8":[0,0],"9":[0,0],"10":[1],"11":[2,1],"12":[2,1],"13":[0,2],"14":[0,0],"15":[0,0],"16":[0,0],"17":[0,1],"18":[0,1]},"_coverageSchema":"1a1c01bbd47fc00a2c39e90264f33305004495a9","hash":"c2ba5bd60950c504596975e092be06aa93fa91a9"}
,"/Users/gilberto/development/repositorio/projetos_aula/2025/flutter/api/src/repositories/UsuarioRepository.js": {"path":"/Users/gilberto/development/repositorio/projetos_aula/2025/flutter/api/src/repositories/UsuarioRepository.js","statementMap":{"0":{"start":{"line":18,"column":8},"end":{"line":18,"column":34}},"1":{"start":{"line":19,"column":8},"end":{"line":19,"column":37}},"2":{"start":{"line":20,"column":8},"end":{"line":20,"column":41}},"3":{"start":{"line":21,"column":8},"end":{"line":21,"column":35}},"4":{"start":{"line":30,"column":28},"end":{"line":30,"column":88}},"5":{"start":{"line":30,"column":48},"end":{"line":30,"column":87}},"6":{"start":{"line":31,"column":34},"end":{"line":31,"column":59}},"7":{"start":{"line":32,"column":8},"end":{"line":35,"column":11}},"8":{"start":{"line":33,"column":36},"end":{"line":33,"column":57}},"9":{"start":{"line":34,"column":12},"end":{"line":34,"column":79}},"10":{"start":{"line":42,"column":8},"end":{"line":44,"column":10}},"11":{"start":{"line":43,"column":12},"end":{"line":43,"column":91}},"12":{"start":{"line":51,"column":23},"end":{"line":51,"column":32}},"13":{"start":{"line":53,"column":8},"end":{"line":55,"column":9}},"14":{"start":{"line":54,"column":12},"end":{"line":54,"column":45}},"15":{"start":{"line":57,"column":26},"end":{"line":63,"column":33}},"16":{"start":{"line":65,"column":8},"end":{"line":65,"column":25}},"17":{"start":{"line":73,"column":20},"end":{"line":73,"column":43}},"18":{"start":{"line":75,"column":8},"end":{"line":77,"column":9}},"19":{"start":{"line":76,"column":12},"end":{"line":76,"column":63}},"20":{"start":{"line":78,"column":21},"end":{"line":78,"column":32}},"21":{"start":{"line":79,"column":8},"end":{"line":87,"column":9}},"22":{"start":{"line":80,"column":12},"end":{"line":86,"column":15}},"23":{"start":{"line":88,"column":8},"end":{"line":88,"column":20}},"24":{"start":{"line":96,"column":22},"end":{"line":99,"column":11}},"25":{"start":{"line":96,"column":43},"end":{"line":99,"column":9}},"26":{"start":{"line":100,"column":33},"end":{"line":100,"column":74}},"27":{"start":{"line":101,"column":8},"end":{"line":101,"column":32}},"28":{"start":{"line":108,"column":8},"end":{"line":108,"column":60}},"29":{"start":{"line":109,"column":19},"end":{"line":109,"column":40}},"30":{"start":{"line":112,"column":8},"end":{"line":144,"column":9}},"31":{"start":{"line":113,"column":25},"end":{"line":119,"column":37}},"32":{"start":{"line":121,"column":12},"end":{"line":129,"column":13}},"33":{"start":{"line":122,"column":16},"end":{"line":128,"column":19}},"34":{"start":{"line":132,"column":32},"end":{"line":132,"column":68}},"35":{"start":{"line":133,"column":34},"end":{"line":133,"column":74}},"36":{"start":{"line":134,"column":36},"end":{"line":134,"column":80}},"37":{"start":{"line":135,"column":34},"end":{"line":142,"column":13}},"38":{"start":{"line":143,"column":12},"end":{"line":143,"column":33}},"39":{"start":{"line":147,"column":65},"end":{"line":147,"column":74}},"40":{"start":{"line":148,"column":23},"end":{"line":148,"column":74}},"41":{"start":{"line":150,"column":30},"end":{"line":153,"column":34}},"42":{"start":{"line":155,"column":8},"end":{"line":163,"column":9}},"43":{"start":{"line":156,"column":12},"end":{"line":162,"column":15}},"44":{"start":{"line":165,"column":8},"end":{"line":165,"column":44}},"45":{"start":{"line":166,"column":8},"end":{"line":166,"column":48}},"46":{"start":{"line":167,"column":24},"end":{"line":167,"column":45}},"47":{"start":{"line":169,"column":24},"end":{"line":181,"column":9}},"48":{"start":{"line":183,"column":26},"end":{"line":183,"column":69}},"49":{"start":{"line":186,"column":8},"end":{"line":201,"column":11}},"50":{"start":{"line":187,"column":31},"end":{"line":187,"column":88}},"51":{"start":{"line":189,"column":32},"end":{"line":189,"column":80}},"52":{"start":{"line":190,"column":34},"end":{"line":190,"column":86}},"53":{"start":{"line":191,"column":36},"end":{"line":191,"column":92}},"54":{"start":{"line":193,"column":12},"end":{"line":200,"column":14}},"55":{"start":{"line":203,"column":8},"end":{"line":203,"column":25}},"56":{"start":{"line":208,"column":24},"end":{"line":208,"column":52}},"57":{"start":{"line":209,"column":8},"end":{"line":209,"column":36}},"58":{"start":{"line":214,"column":24},"end":{"line":223,"column":19}},"59":{"start":{"line":225,"column":8},"end":{"line":233,"column":9}},"60":{"start":{"line":226,"column":12},"end":{"line":232,"column":15}},"61":{"start":{"line":234,"column":8},"end":{"line":234,"column":23}},"62":{"start":{"line":239,"column":24},"end":{"line":239,"column":62}},"63":{"start":{"line":240,"column":8},"end":{"line":240,"column":23}}},"fnMap":{"0":{"name":"(anonymous_0)","decl":{"start":{"line":12,"column":4},"end":{"line":12,"column":5}},"loc":{"start":{"line":17,"column":12},"end":{"line":22,"column":5}},"line":17},"1":{"name":"(anonymous_1)","decl":{"start":{"line":29,"column":4},"end":{"line":29,"column":5}},"loc":{"start":{"line":29,"column":50},"end":{"line":36,"column":5}},"line":29},"2":{"name":"(anonymous_2)","decl":{"start":{"line":30,"column":43},"end":{"line":30,"column":44}},"loc":{"start":{"line":30,"column":48},"end":{"line":30,"column":87}},"line":30},"3":{"name":"(anonymous_3)","decl":{"start":{"line":32,"column":37},"end":{"line":32,"column":38}},"loc":{"start":{"line":32,"column":51},"end":{"line":35,"column":9}},"line":32},"4":{"name":"(anonymous_4)","decl":{"start":{"line":41,"column":4},"end":{"line":41,"column":5}},"loc":{"start":{"line":41,"column":70},"end":{"line":45,"column":5}},"line":41},"5":{"name":"(anonymous_5)","decl":{"start":{"line":42,"column":33},"end":{"line":42,"column":34}},"loc":{"start":{"line":43,"column":12},"end":{"line":43,"column":91}},"line":43},"6":{"name":"(anonymous_6)","decl":{"start":{"line":50,"column":4},"end":{"line":50,"column":5}},"loc":{"start":{"line":50,"column":51},"end":{"line":66,"column":5}},"line":50},"7":{"name":"(anonymous_7)","decl":{"start":{"line":72,"column":4},"end":{"line":72,"column":5}},"loc":{"start":{"line":72,"column":49},"end":{"line":89,"column":5}},"line":72},"8":{"name":"(anonymous_8)","decl":{"start":{"line":95,"column":4},"end":{"line":95,"column":5}},"loc":{"start":{"line":95,"column":41},"end":{"line":102,"column":5}},"line":95},"9":{"name":"(anonymous_9)","decl":{"start":{"line":96,"column":37},"end":{"line":96,"column":38}},"loc":{"start":{"line":96,"column":43},"end":{"line":99,"column":9}},"line":96},"10":{"name":"(anonymous_10)","decl":{"start":{"line":107,"column":4},"end":{"line":107,"column":5}},"loc":{"start":{"line":107,"column":22},"end":{"line":204,"column":5}},"line":107},"11":{"name":"(anonymous_11)","decl":{"start":{"line":186,"column":44},"end":{"line":186,"column":45}},"loc":{"start":{"line":186,"column":51},"end":{"line":201,"column":9}},"line":186},"12":{"name":"(anonymous_12)","decl":{"start":{"line":207,"column":4},"end":{"line":207,"column":5}},"loc":{"start":{"line":207,"column":30},"end":{"line":210,"column":5}},"line":207},"13":{"name":"(anonymous_13)","decl":{"start":{"line":213,"column":4},"end":{"line":213,"column":5}},"loc":{"start":{"line":213,"column":36},"end":{"line":235,"column":5}},"line":213},"14":{"name":"(anonymous_14)","decl":{"start":{"line":238,"column":4},"end":{"line":238,"column":5}},"loc":{"start":{"line":238,"column":22},"end":{"line":241,"column":5}},"line":238}},"branchMap":{"0":{"loc":{"start":{"line":12,"column":16},"end":{"line":17,"column":10}},"type":"default-arg","locations":[{"start":{"line":17,"column":8},"end":{"line":17,"column":10}}],"line":12},"1":{"loc":{"start":{"line":13,"column":8},"end":{"line":13,"column":35}},"type":"default-arg","locations":[{"start":{"line":13,"column":23},"end":{"line":13,"column":35}}],"line":13},"2":{"loc":{"start":{"line":14,"column":8},"end":{"line":14,"column":31}},"type":"default-arg","locations":[{"start":{"line":14,"column":21},"end":{"line":14,"column":31}}],"line":14},"3":{"loc":{"start":{"line":15,"column":8},"end":{"line":15,"column":35}},"type":"default-arg","locations":[{"start":{"line":15,"column":23},"end":{"line":15,"column":35}}],"line":15},"4":{"loc":{"start":{"line":16,"column":8},"end":{"line":16,"column":29}},"type":"default-arg","locations":[{"start":{"line":16,"column":20},"end":{"line":16,"column":29}}],"line":16},"5":{"loc":{"start":{"line":30,"column":61},"end":{"line":30,"column":85}},"type":"binary-expr","locations":[{"start":{"line":30,"column":61},"end":{"line":30,"column":70}},{"start":{"line":30,"column":74},"end":{"line":30,"column":85}}],"line":30},"6":{"loc":{"start":{"line":34,"column":36},"end":{"line":34,"column":76}},"type":"cond-expr","locations":[{"start":{"line":34,"column":62},"end":{"line":34,"column":66}},{"start":{"line":34,"column":69},"end":{"line":34,"column":76}}],"line":34},"7":{"loc":{"start":{"line":43,"column":54},"end":{"line":43,"column":78}},"type":"binary-expr","locations":[{"start":{"line":43,"column":54},"end":{"line":43,"column":63}},{"start":{"line":43,"column":67},"end":{"line":43,"column":78}}],"line":43},"8":{"loc":{"start":{"line":50,"column":32},"end":{"line":50,"column":49}},"type":"default-arg","locations":[{"start":{"line":50,"column":45},"end":{"line":50,"column":49}}],"line":50},"9":{"loc":{"start":{"line":53,"column":8},"end":{"line":55,"column":9}},"type":"if","locations":[{"start":{"line":53,"column":8},"end":{"line":55,"column":9}},{"start":{},"end":{}}],"line":53},"10":{"loc":{"start":{"line":72,"column":26},"end":{"line":72,"column":47}},"type":"default-arg","locations":[{"start":{"line":72,"column":42},"end":{"line":72,"column":47}}],"line":72},"11":{"loc":{"start":{"line":75,"column":8},"end":{"line":77,"column":9}},"type":"if","locations":[{"start":{"line":75,"column":8},"end":{"line":77,"column":9}},{"start":{},"end":{}}],"line":75},"12":{"loc":{"start":{"line":79,"column":8},"end":{"line":87,"column":9}},"type":"if","locations":[{"start":{"line":79,"column":8},"end":{"line":87,"column":9}},{"start":{},"end":{}}],"line":79},"13":{"loc":{"start":{"line":98,"column":21},"end":{"line":98,"column":38}},"type":"binary-expr","locations":[{"start":{"line":98,"column":21},"end":{"line":98,"column":30}},{"start":{"line":98,"column":34},"end":{"line":98,"column":38}}],"line":98},"14":{"loc":{"start":{"line":109,"column":19},"end":{"line":109,"column":40}},"type":"binary-expr","locations":[{"start":{"line":109,"column":19},"end":{"line":109,"column":32}},{"start":{"line":109,"column":36},"end":{"line":109,"column":40}}],"line":109},"15":{"loc":{"start":{"line":112,"column":8},"end":{"line":144,"column":9}},"type":"if","locations":[{"start":{"line":112,"column":8},"end":{"line":144,"column":9}},{"start":{},"end":{}}],"line":112},"16":{"loc":{"start":{"line":121,"column":12},"end":{"line":129,"column":13}},"type":"if","locations":[{"start":{"line":121,"column":12},"end":{"line":129,"column":13}},{"start":{},"end":{}}],"line":121},"17":{"loc":{"start":{"line":132,"column":32},"end":{"line":132,"column":68}},"type":"cond-expr","locations":[{"start":{"line":132,"column":46},"end":{"line":132,"column":64}},{"start":{"line":132,"column":67},"end":{"line":132,"column":68}}],"line":132},"18":{"loc":{"start":{"line":133,"column":34},"end":{"line":133,"column":74}},"type":"cond-expr","locations":[{"start":{"line":133,"column":50},"end":{"line":133,"column":70}},{"start":{"line":133,"column":73},"end":{"line":133,"column":74}}],"line":133},"19":{"loc":{"start":{"line":134,"column":36},"end":{"line":134,"column":80}},"type":"cond-expr","locations":[{"start":{"line":134,"column":54},"end":{"line":134,"column":76}},{"start":{"line":134,"column":79},"end":{"line":134,"column":80}}],"line":134},"20":{"loc":{"start":{"line":147,"column":52},"end":{"line":147,"column":60}},"type":"default-arg","locations":[{"start":{"line":147,"column":59},"end":{"line":147,"column":60}}],"line":147},"21":{"loc":{"start":{"line":148,"column":32},"end":{"line":148,"column":68}},"type":"binary-expr","locations":[{"start":{"line":148,"column":32},"end":{"line":148,"column":62}},{"start":{"line":148,"column":66},"end":{"line":148,"column":68}}],"line":148},"22":{"loc":{"start":{"line":151,"column":21},"end":{"line":151,"column":31}},"type":"binary-expr","locations":[{"start":{"line":151,"column":21},"end":{"line":151,"column":25}},{"start":{"line":151,"column":29},"end":{"line":151,"column":31}}],"line":151},"23":{"loc":{"start":{"line":152,"column":22},"end":{"line":152,"column":33}},"type":"binary-expr","locations":[{"start":{"line":152,"column":22},"end":{"line":152,"column":27}},{"start":{"line":152,"column":31},"end":{"line":152,"column":33}}],"line":152},"24":{"loc":{"start":{"line":153,"column":22},"end":{"line":153,"column":33}},"type":"binary-expr","locations":[{"start":{"line":153,"column":22},"end":{"line":153,"column":27}},{"start":{"line":153,"column":31},"end":{"line":153,"column":33}}],"line":153},"25":{"loc":{"start":{"line":155,"column":8},"end":{"line":163,"column":9}},"type":"if","locations":[{"start":{"line":155,"column":8},"end":{"line":163,"column":9}},{"start":{},"end":{}}],"line":155},"26":{"loc":{"start":{"line":187,"column":31},"end":{"line":187,"column":88}},"type":"cond-expr","locations":[{"start":{"line":187,"column":68},"end":{"line":187,"column":82}},{"start":{"line":187,"column":85},"end":{"line":187,"column":88}}],"line":187},"27":{"loc":{"start":{"line":189,"column":32},"end":{"line":189,"column":80}},"type":"cond-expr","locations":[{"start":{"line":189,"column":52},"end":{"line":189,"column":76}},{"start":{"line":189,"column":79},"end":{"line":189,"column":80}}],"line":189},"28":{"loc":{"start":{"line":190,"column":34},"end":{"line":190,"column":86}},"type":"cond-expr","locations":[{"start":{"line":190,"column":56},"end":{"line":190,"column":82}},{"start":{"line":190,"column":85},"end":{"line":190,"column":86}}],"line":190},"29":{"loc":{"start":{"line":191,"column":36},"end":{"line":191,"column":92}},"type":"cond-expr","locations":[{"start":{"line":191,"column":60},"end":{"line":191,"column":88}},{"start":{"line":191,"column":91},"end":{"line":191,"column":92}}],"line":191},"30":{"loc":{"start":{"line":225,"column":8},"end":{"line":233,"column":9}},"type":"if","locations":[{"start":{"line":225,"column":8},"end":{"line":233,"column":9}},{"start":{},"end":{}}],"line":225}},"s":{"0":75,"1":75,"2":75,"3":75,"4":3,"5":6,"6":3,"7":3,"8":5,"9":5,"10":4,"11":13,"12":3,"13":3,"14":1,"15":3,"16":0,"17":3,"18":3,"19":1,"20":3,"21":3,"22":1,"23":2,"24":3,"25":3,"26":3,"27":3,"28":9,"29":9,"30":9,"31":2,"32":2,"33":1,"34":1,"35":1,"36":1,"37":1,"38":0,"39":7,"40":7,"41":7,"42":7,"43":1,"44":6,"45":6,"46":6,"47":6,"48":6,"49":6,"50":0,"51":0,"52":0,"53":0,"54":0,"55":0,"56":3,"57":3,"58":3,"59":0,"60":0,"61":0,"62":3,"63":2},"f":{"0":75,"1":3,"2":6,"3":5,"4":4,"5":13,"6":3,"7":3,"8":3,"9":3,"10":9,"11":0,"12":3,"13":3,"14":3},"b":{"0":[75],"1":[75],"2":[75],"3":[75],"4":[75],"5":[6,2],"6":[2,3],"7":[13,0],"8":[2],"9":[1,2],"10":[2],"11":[1,2],"12":[1,2],"13":[3,1],"14":[9,7],"15":[2,7],"16":[1,1],"17":[1,0],"18":[1,0],"19":[1,0],"20":[3],"21":[7,2],"22":[7,1],"23":[7,6],"24":[7,6],"25":[1,6],"26":[0,0],"27":[0,0],"28":[0,0],"29":[0,0],"30":[0,0]},"_coverageSchema":"1a1c01bbd47fc00a2c39e90264f33305004495a9","hash":"576cb254e04b756a13903ae6f71f3bdd1d3ecbc2"}
,"/Users/gilberto/development/repositorio/projetos_aula/2025/flutter/api/src/repositories/filters/GrupoFilterBuilder.js": {"path":"/Users/gilberto/development/repositorio/projetos_aula/2025/flutter/api/src/repositories/filters/GrupoFilterBuilder.js","statementMap":{"0":{"start":{"line":7,"column":8},"end":{"line":7,"column":26}},"1":{"start":{"line":8,"column":8},"end":{"line":8,"column":57}},"2":{"start":{"line":12,"column":8},"end":{"line":15,"column":9}},"3":{"start":{"line":13,"column":31},"end":{"line":13,"column":53}},"4":{"start":{"line":14,"column":10},"end":{"line":14,"column":70}},"5":{"start":{"line":16,"column":8},"end":{"line":16,"column":20}},"6":{"start":{"line":20,"column":8},"end":{"line":23,"column":9}},"7":{"start":{"line":21,"column":36},"end":{"line":21,"column":63}},"8":{"start":{"line":22,"column":10},"end":{"line":22,"column":80}},"9":{"start":{"line":24,"column":8},"end":{"line":24,"column":20}},"10":{"start":{"line":29,"column":8},"end":{"line":36,"column":9}},"11":{"start":{"line":30,"column":12},"end":{"line":30,"column":38}},"12":{"start":{"line":31,"column":15},"end":{"line":36,"column":9}},"13":{"start":{"line":32,"column":12},"end":{"line":32,"column":39}},"14":{"start":{"line":35,"column":12},"end":{"line":35,"column":52}},"15":{"start":{"line":37,"column":8},"end":{"line":37,"column":20}},"16":{"start":{"line":41,"column":8},"end":{"line":51,"column":9}},"17":{"start":{"line":42,"column":40},"end":{"line":42,"column":91}},"18":{"start":{"line":44,"column":31},"end":{"line":48,"column":20}},"19":{"start":{"line":46,"column":51},"end":{"line":46,"column":56}},"20":{"start":{"line":50,"column":12},"end":{"line":50,"column":56}},"21":{"start":{"line":52,"column":8},"end":{"line":52,"column":20}},"22":{"start":{"line":56,"column":8},"end":{"line":56,"column":65}},"23":{"start":{"line":60,"column":8},"end":{"line":60,"column":28}}},"fnMap":{"0":{"name":"(anonymous_0)","decl":{"start":{"line":6,"column":4},"end":{"line":6,"column":5}},"loc":{"start":{"line":6,"column":18},"end":{"line":9,"column":5}},"line":6},"1":{"name":"(anonymous_1)","decl":{"start":{"line":11,"column":4},"end":{"line":11,"column":5}},"loc":{"start":{"line":11,"column":18},"end":{"line":17,"column":7}},"line":11},"2":{"name":"(anonymous_2)","decl":{"start":{"line":19,"column":6},"end":{"line":19,"column":7}},"loc":{"start":{"line":19,"column":30},"end":{"line":25,"column":7}},"line":19},"3":{"name":"(anonymous_3)","decl":{"start":{"line":28,"column":4},"end":{"line":28,"column":5}},"loc":{"start":{"line":28,"column":20},"end":{"line":38,"column":5}},"line":28},"4":{"name":"(anonymous_4)","decl":{"start":{"line":40,"column":4},"end":{"line":40,"column":5}},"loc":{"start":{"line":40,"column":30},"end":{"line":53,"column":5}},"line":40},"5":{"name":"(anonymous_5)","decl":{"start":{"line":46,"column":46},"end":{"line":46,"column":47}},"loc":{"start":{"line":46,"column":51},"end":{"line":46,"column":56}},"line":46},"6":{"name":"(anonymous_6)","decl":{"start":{"line":55,"column":4},"end":{"line":55,"column":5}},"loc":{"start":{"line":55,"column":23},"end":{"line":57,"column":5}},"line":55},"7":{"name":"(anonymous_7)","decl":{"start":{"line":59,"column":4},"end":{"line":59,"column":5}},"loc":{"start":{"line":59,"column":12},"end":{"line":61,"column":5}},"line":59}},"branchMap":{"0":{"loc":{"start":{"line":12,"column":8},"end":{"line":15,"column":9}},"type":"if","locations":[{"start":{"line":12,"column":8},"end":{"line":15,"column":9}},{"start":{},"end":{}}],"line":12},"1":{"loc":{"start":{"line":20,"column":8},"end":{"line":23,"column":9}},"type":"if","locations":[{"start":{"line":20,"column":8},"end":{"line":23,"column":9}},{"start":{},"end":{}}],"line":20},"2":{"loc":{"start":{"line":29,"column":8},"end":{"line":36,"column":9}},"type":"if","locations":[{"start":{"line":29,"column":8},"end":{"line":36,"column":9}},{"start":{"line":31,"column":15},"end":{"line":36,"column":9}}],"line":29},"3":{"loc":{"start":{"line":31,"column":15},"end":{"line":36,"column":9}},"type":"if","locations":[{"start":{"line":31,"column":15},"end":{"line":36,"column":9}},{"start":{"line":33,"column":15},"end":{"line":36,"column":9}}],"line":31},"4":{"loc":{"start":{"line":41,"column":8},"end":{"line":51,"column":9}},"type":"if","locations":[{"start":{"line":41,"column":8},"end":{"line":51,"column":9}},{"start":{},"end":{}}],"line":41},"5":{"loc":{"start":{"line":44,"column":31},"end":{"line":48,"column":20}},"type":"cond-expr","locations":[{"start":{"line":45,"column":18},"end":{"line":47,"column":47}},{"start":{"line":48,"column":18},"end":{"line":48,"column":20}}],"line":44},"6":{"loc":{"start":{"line":45,"column":18},"end":{"line":47,"column":47}},"type":"cond-expr","locations":[{"start":{"line":46,"column":22},"end":{"line":46,"column":57}},{"start":{"line":47,"column":22},"end":{"line":47,"column":47}}],"line":45}},"s":{"0":0,"1":0,"2":0,"3":0,"4":0,"5":0,"6":0,"7":0,"8":0,"9":0,"10":0,"11":0,"12":0,"13":0,"14":0,"15":0,"16":0,"17":0,"18":0,"19":0,"20":0,"21":0,"22":0,"23":0},"f":{"0":0,"1":0,"2":0,"3":0,"4":0,"5":0,"6":0,"7":0},"b":{"0":[0,0],"1":[0,0],"2":[0,0],"3":[0,0],"4":[0,0],"5":[0,0],"6":[0,0]},"_coverageSchema":"1a1c01bbd47fc00a2c39e90264f33305004495a9","hash":"cdc7b336a717cff87f474d81937e3ec8941f77ef"}
,"/Users/gilberto/development/repositorio/projetos_aula/2025/flutter/api/src/repositories/filters/UnidadeFilterBuilder.js": {"path":"/Users/gilberto/development/repositorio/projetos_aula/2025/flutter/api/src/repositories/filters/UnidadeFilterBuilder.js","statementMap":{"0":{"start":{"line":5,"column":8},"end":{"line":5,"column":26}},"1":{"start":{"line":9,"column":8},"end":{"line":11,"column":9}},"2":{"start":{"line":10,"column":12},"end":{"line":10,"column":64}},"3":{"start":{"line":12,"column":8},"end":{"line":12,"column":20}},"4":{"start":{"line":16,"column":8},"end":{"line":18,"column":9}},"5":{"start":{"line":17,"column":12},"end":{"line":17,"column":76}},"6":{"start":{"line":19,"column":8},"end":{"line":19,"column":20}},"7":{"start":{"line":23,"column":8},"end":{"line":27,"column":9}},"8":{"start":{"line":24,"column":12},"end":{"line":24,"column":38}},"9":{"start":{"line":25,"column":15},"end":{"line":27,"column":9}},"10":{"start":{"line":26,"column":12},"end":{"line":26,"column":39}},"11":{"start":{"line":28,"column":8},"end":{"line":28,"column":20}},"12":{"start":{"line":32,"column":8},"end":{"line":32,"column":28}}},"fnMap":{"0":{"name":"(anonymous_0)","decl":{"start":{"line":4,"column":4},"end":{"line":4,"column":5}},"loc":{"start":{"line":4,"column":18},"end":{"line":6,"column":5}},"line":4},"1":{"name":"(anonymous_1)","decl":{"start":{"line":8,"column":4},"end":{"line":8,"column":5}},"loc":{"start":{"line":8,"column":18},"end":{"line":13,"column":5}},"line":8},"2":{"name":"(anonymous_2)","decl":{"start":{"line":15,"column":4},"end":{"line":15,"column":5}},"loc":{"start":{"line":15,"column":30},"end":{"line":20,"column":5}},"line":15},"3":{"name":"(anonymous_3)","decl":{"start":{"line":22,"column":4},"end":{"line":22,"column":5}},"loc":{"start":{"line":22,"column":20},"end":{"line":29,"column":5}},"line":22},"4":{"name":"(anonymous_4)","decl":{"start":{"line":31,"column":4},"end":{"line":31,"column":5}},"loc":{"start":{"line":31,"column":12},"end":{"line":33,"column":5}},"line":31}},"branchMap":{"0":{"loc":{"start":{"line":9,"column":8},"end":{"line":11,"column":9}},"type":"if","locations":[{"start":{"line":9,"column":8},"end":{"line":11,"column":9}},{"start":{},"end":{}}],"line":9},"1":{"loc":{"start":{"line":16,"column":8},"end":{"line":18,"column":9}},"type":"if","locations":[{"start":{"line":16,"column":8},"end":{"line":18,"column":9}},{"start":{},"end":{}}],"line":16},"2":{"loc":{"start":{"line":23,"column":8},"end":{"line":27,"column":9}},"type":"if","locations":[{"start":{"line":23,"column":8},"end":{"line":27,"column":9}},{"start":{"line":25,"column":15},"end":{"line":27,"column":9}}],"line":23},"3":{"loc":{"start":{"line":25,"column":15},"end":{"line":27,"column":9}},"type":"if","locations":[{"start":{"line":25,"column":15},"end":{"line":27,"column":9}},{"start":{},"end":{}}],"line":25}},"s":{"0":10,"1":4,"2":2,"3":4,"4":4,"5":2,"6":4,"7":5,"8":2,"9":3,"10":1,"11":5,"12":9},"f":{"0":10,"1":4,"2":4,"3":5,"4":9},"b":{"0":[2,2],"1":[2,2],"2":[2,3],"3":[1,2]},"_coverageSchema":"1a1c01bbd47fc00a2c39e90264f33305004495a9","hash":"1f5fdb5d55158b0d646426f49030de3b383215e5"}
[...]
{"0":{"start":{"line":4,"column":29},"end":{"line":6,"column":2}},"1":{"start":{"line":4,"column":55},"end":{"line":4,"column":90}},"2":{"start":{"line":8,"column":32},"end":{"line":44,"column":2}},"3":{"start":{"line":12,"column":25},"end":{"line":12,"column":54}},"4":{"start":{"line":15,"column":28},"end":{"line":15,"column":39}},"5":{"start":{"line":19,"column":25},"end":{"line":19,"column":54}},"6":{"start":{"line":22,"column":28},"end":{"line":22,"column":39}},"7":{"start":{"line":26,"column":27},"end":{"line":26,"column":74}},"8":{"start":{"line":29,"column":54},"end":{"line":29,"column":65}},"9":{"start":{"line":33,"column":29},"end":{"line":33,"column":56}},"10":{"start":{"line":34,"column":25},"end":{"line":34,"column":57}},"11":{"start":{"line":40,"column":29},"end":{"line":40,"column":57}},"12":{"start":{"line":41,"column":25},"end":{"line":41,"column":71}}},"fnMap":{"0":{"name":"(anonymous_0)","decl":{"start":{"line":4,"column":47},"end":{"line":4,"column":48}},"loc":{"start":{"line":4,"column":55},"end":{"line":4,"column":90}},"line":4},"1":{"name":"(anonymous_1)","decl":{"start":{"line":12,"column":16},"end":{"line":12,"column":17}},"loc":{"start":{"line":12,"column":25},"end":{"line":12,"column":54}},"line":12},"2":{"name":"(anonymous_2)","decl":{"start":{"line":15,"column":19},"end":{"line":15,"column":20}},"loc":{"start":{"line":15,"column":28},"end":{"line":15,"column":39}},"line":15},"3":{"name":"(anonymous_3)","decl":{"start":{"line":19,"column":16},"end":{"line":19,"column":17}},"loc":{"start":{"line":19,"column":25},"end":{"line":19,"column":54}},"line":19},"4":{"name":"(anonymous_4)","decl":{"start":{"line":22,"column":19},"end":{"line":22,"column":20}},"loc":{"start":{"line":22,"column":28},"end":{"line":22,"column":39}},"line":22},"5":{"name":"(anonymous_5)","decl":{"start":{"line":26,"column":16},"end":{"line":26,"column":17}},"loc":{"start":{"line":26,"column":27},"end":{"line":26,"column":74}},"line":26},"6":{"name":"(anonymous_6)","decl":{"start":{"line":29,"column":45},"end":{"line":29,"column":46}},"loc":{"start":{"line":29,"column":54},"end":{"line":29,"column":65}},"line":29},"7":{"name":"(anonymous_7)","decl":{"start":{"line":33,"column":19},"end":{"line":33,"column":20}},"loc":{"start":{"line":33,"column":29},"end":{"line":33,"column":56}},"line":33},"8":{"name":"(anonymous_8)","decl":{"start":{"line":34,"column":16},"end":{"line":34,"column":17}},"loc":{"start":{"line":34,"column":25},"end":{"line":34,"column":57}},"line":34},"9":{"name":"(anonymous_9)","decl":{"start":{"line":40,"column":19},"end":{"line":40,"column":20}},"loc":{"start":{"line":40,"column":29},"end":{"line":40,"column":57}},"line":40},"10":{"name":"(anonymous_10)","decl":{"start":{"line":41,"column":16},"end":{"line":41,"column":17}},"loc":{"start":{"line":41,"column":25},"end":{"line":41,"column":71}},"line":41}},"branchMap":{"0":{"loc":{"start":{"line":12,"column":25},"end":{"line":12,"column":54}},"type":"binary-expr","locations":[{"start":{"line":12,"column":25},"end":{"line":12,"column":29}},{"start":{"line":12,"column":33},"end":{"line":12,"column":54}}],"line":12},"1":{"loc":{"start":{"line":19,"column":25},"end":{"line":19,"column":54}},"type":"binary-expr","locations":[{"start":{"line":19,"column":25},"end":{"line":19,"column":29}},{"start":{"line":19,"column":33},"end":{"line":19,"column":54}}],"line":19},"2":{"loc":{"start":{"line":26,"column":27},"end":{"line":26,"column":74}},"type":"binary-expr","locations":[{"start":{"line":26,"column":27},"end":{"line":26,"column":33}},{"start":{"line":26,"column":37},"end":{"line":26,"column":53}},{"start":{"line":26,"column":57},"end":{"line":26,"column":74}}],"line":26},"3":{"loc":{"start":{"line":33,"column":29},"end":{"line":33,"column":56}},"type":"cond-expr","locations":[{"start":{"line":33,"column":35},"end":{"line":33,"column":52}},{"start":{"line":33,"column":55},"end":{"line":33,"column":56}}],"line":33},"4":{"loc":{"start":{"line":34,"column":25},"end":{"line":34,"column":57}},"type":"binary-expr","locations":[{"start":{"line":34,"column":25},"end":{"line":34,"column":46}},{"start":{"line":34,"column":50},"end":{"line":34,"column":57}}],"line":34},"5":{"loc":{"start":{"line":40,"column":29},"end":{"line":40,"column":57}},"type":"cond-expr","locations":[{"start":{"line":40,"column":35},"end":{"line":40,"column":52}},{"start":{"line":40,"column":55},"end":{"line":40,"column":57}}],"line":40},"6":{"loc":{"start":{"line":41,"column":25},"end":{"line":41,"column":71}},"type":"binary-expr","locations":[{"start":{"line":41,"column":25},"end":{"line":41,"column":46}},{"start":{"line":41,"column":50},"end":{"line":41,"column":57}},{"start":{"line":41,"column":61},"end":{"line":41,"column":71}}],"line":41}},"s":{"0":1,"1":2,"2":1,"3":9,"4":9,"5":9,"6":9,"7":9,"8":9,"9":9,"10":9,"11":9,"12":9},"f":{"0":2,"1":9,"2":9,"3":9,"4":9,"5":9,"6":9,"7":9,"8":9,"9":9,"10":9},"b":{"0":[9,8],"1":[9,8],"2":[9,8,2],"3":[7,2],"4":[9,8],"5":[7,2],"6":[9,8,7]},"_coverageSchema":"1a1c01bbd47fc00a2c39e90264f33305004495a9","hash":"8a3b1dcfef1285afa4ca83e405e268d34f9cb2c6"}
,"/Users/gilberto/development/repositorio/projetos_aula/2025/flutter/api/src/utils/validators/schemas/zod/querys/RotaQuerySchema.js": {"path":"/Users/gilberto/development/repositorio/projetos_aula/2025/flutter/api/src/utils/validators/schemas/zod/querys/RotaQuerySchema.js","statementMap":{"0":{"start":{"line":4,"column":28},"end":{"line":6,"column":2}},"1":{"start":{"line":4,"column":54},"end":{"line":4,"column":89}},"2":{"start":{"line":8,"column":31},"end":{"line":42,"column":2}},"3":{"start":{"line":12,"column":25},"end":{"line":12,"column":54}},"4":{"start":{"line":15,"column":28},"end":{"line":15,"column":39}},"5":{"start":{"line":19,"column":25},"end":{"line":19,"column":54}},"6":{"start":{"line":25,"column":27},"end":{"line":25,"column":74}},"7":{"start":{"line":31,"column":29},"end":{"line":31,"column":56}},"8":{"start":{"line":32,"column":25},"end":{"line":32,"column":57}},"9":{"start":{"line":38,"column":29},"end":{"line":38,"column":57}},"10":{"start":{"line":39,"column":25},"end":{"line":39,"column":71}}},"fnMap":{"0":{"name":"(anonymous_0)","decl":{"start":{"line":4,"column":46},"end":{"line":4,"column":47}},"loc":{"start":{"line":4,"column":54},"end":{"line":4,"column":89}},"line":4},"1":{"name":"(anonymous_1)","decl":{"start":{"line":12,"column":16},"end":{"line":12,"column":17}},"loc":{"start":{"line":12,"column":25},"end":{"line":12,"column":54}},"line":12},"2":{"name":"(anonymous_2)","decl":{"start":{"line":15,"column":19},"end":{"line":15,"column":20}},"loc":{"start":{"line":15,"column":28},"end":{"line":15,"column":39}},"line":15},"3":{"name":"(anonymous_3)","decl":{"start":{"line":19,"column":16},"end":{"line":19,"column":17}},"loc":{"start":{"line":19,"column":25},"end":{"line":19,"column":54}},"line":19},"4":{"name":"(anonymous_4)","decl":{"start":{"line":25,"column":16},"end":{"line":25,"column":17}},"loc":{"start":{"line":25,"column":27},"end":{"line":25,"column":74}},"line":25},"5":{"name":"(anonymous_5)","decl":{"start":{"line":31,"column":19},"end":{"line":31,"column":20}},"loc":{"start":{"line":31,"column":29},"end":{"line":31,"column":56}},"line":31},"6":{"name":"(anonymous_6)","decl":{"start":{"line":32,"column":16},"end":{"line":32,"column":17}},"loc":{"start":{"line":32,"column":25},"end":{"line":32,"column":57}},"line":32},"7":{"name":"(anonymous_7)","decl":{"start":{"line":38,"column":19},"end":{"line":38,"column":20}},"loc":{"start":{"line":38,"column":29},"end":{"line":38,"column":57}},"line":38},"8":{"name":"(anonymous_8)","decl":{"start":{"line":39,"column":16},"end":{"line":39,"column":17}},"loc":{"start":{"line":39,"column":25},"end":{"line":39,"column":71}},"line":39}},"branchMap":{"0":{"loc":{"start":{"line":12,"column":25},"end":{"line":12,"column":54}},"type":"binary-expr","locations":[{"start":{"line":12,"column":25},"end":{"line":12,"column":29}},{"start":{"line":12,"column":33},"end":{"line":12,"column":54}}],"line":12},"1":{"loc":{"start":{"line":19,"column":25},"end":{"line":19,"column":54}},"type":"binary-expr","locations":[{"start":{"line":19,"column":25},"end":{"line":19,"column":29}},{"start":{"line":19,"column":33},"end":{"line":19,"column":54}}],"line":19},"2":{"loc":{"start":{"line":25,"column":27},"end":{"line":25,"column":74}},"type":"binary-expr","locations":[{"start":{"line":25,"column":27},"end":{"line":25,"column":33}},{"start":{"line":25,"column":37},"end":{"line":25,"column":53}},{"start":{"line":25,"column":57},"end":{"line":25,"column":74}}],"line":25},"3":{"loc":{"start":{"line":31,"column":29},"end":{"line":31,"column":56}},"type":"cond-expr","locations":[{"start":{"line":31,"column":35},"end":{"line":31,"column":52}},{"start":{"line":31,"column":55},"end":{"line":31,"column":56}}],"line":31},"4":{"loc":{"start":{"line":32,"column":25},"end":{"line":32,"column":57}},"type":"binary-expr","locations":[{"start":{"line":32,"column":25},"end":{"line":32,"column":46}},{"start":{"line":32,"column":50},"end":{"line":32,"column":57}}],"line":32},"5":{"loc":{"start":{"line":38,"column":29},"end":{"line":38,"column":57}},"type":"cond-expr","locations":[{"start":{"line":38,"column":35},"end":{"line":38,"column":52}},{"start":{"line":38,"column":55},"end":{"line":38,"column":57}}],"line":38},"6":{"loc":{"start":{"line":39,"column":25},"end":{"line":39,"column":71}},"type":"binary-expr","locations":[{"start":{"line":39,"column":25},"end":{"line":39,"column":46}},{"start":{"line":39,"column":50},"end":{"line":39,"column":57}},{"start":{"line":39,"column":61},"end":{"line":39,"column":71}}],"line":39}},"s":{"0":1,"1":2,"2":1,"3":7,"4":6,"5":7,"6":7,"7":7,"8":7,"9":7,"10":7},"f":{"0":2,"1":7,"2":6,"3":7,"4":7,"5":7,"6":7,"7":7,"8":7},"b":{"0":[7,7],"1":[7,7],"2":[7,3,2],"3":[2,5],"4":[7,7],"5":[2,5],"6":[7,7,7]},"_coverageSchema":"1a1c01bbd47fc00a2c39e90264f33305004495a9","hash":"55ed00cae5b50f16536c03275575bd6501142dd3"}
,"/Users/gilberto/development/repositorio/projetos_aula/2025/flutter/api/src/utils/validators/schemas/zod/querys/UnidadeQuerySchema.js": {"path":"/Users/gilberto/development/repositorio/projetos_aula/2025/flutter/api/src/utils/validators/schemas/zod/querys/UnidadeQuerySchema.js","statementMap":{"0":{"start":{"line":4,"column":31},"end":{"line":6,"column":2}},"1":{"start":{"line":4,"column":57},"end":{"line":4,"column":92}},"2":{"start":{"line":8,"column":34},"end":{"line":43,"column":2}},"3":{"start":{"line":12,"column":25},"end":{"line":12,"column":54}},"4":{"start":{"line":15,"column":28},"end":{"line":15,"column":39}},"5":{"start":{"line":19,"column":25},"end":{"line":19,"column":54}},"6":{"start":{"line":22,"column":28},"end":{"line":22,"column":39}},"7":{"start":{"line":26,"column":27},"end":{"line":26,"column":74}},"8":{"start":{"line":32,"column":29},"end":{"line":32,"column":56}},"9":{"start":{"line":33,"column":25},"end":{"line":33,"column":57}},"10":{"start":{"line":39,"column":29},"end":{"line":39,"column":57}},"11":{"start":{"line":40,"column":25},"end":{"line":40,"column":71}}},"fnMap":{"0":{"name":"(anonymous_0)","decl":{"start":{"line":4,"column":49},"end":{"line":4,"column":50}},"loc":{"start":{"line":4,"column":57},"end":{"line":4,"column":92}},"line":4},"1":{"name":"(anonymous_1)","decl":{"start":{"line":12,"column":16},"end":{"line":12,"column":17}},"loc":{"start":{"line":12,"column":25},"end":{"line":12,"column":54}},"line":12},"2":{"name":"(anonymous_2)","decl":{"start":{"line":15,"column":19},"end":{"line":15,"column":20}},"loc":{"start":{"line":15,"column":28},"end":{"line":15,"column":39}},"line":15},"3":{"name":"(anonymous_3)","decl":{"start":{"line":19,"column":16},"end":{"line":19,"column":17}},"loc":{"start":{"line":19,"column":25},"end":{"line":19,"column":54}},"line":19},"4":{"name":"(anonymous_4)","decl":{"start":{"line":22,"column":19},"end":{"line":22,"column":20}},"loc":{"start":{"line":22,"column":28},"end":{"line":22,"column":39}},"line":22},"5":{"name":"(anonymous_5)","decl":{"start":{"line":26,"column":16},"end":{"line":26,"column":17}},"loc":{"start":{"line":26,"column":27},"end":{"line":26,"column":74}},"line":26},"6":{"name":"(anonymous_6)","decl":{"start":{"line":32,"column":19},"end":{"line":32,"column":20}},"loc":{"start":{"line":32,"column":29},"end":{"line":32,"column":56}},"line":32},"7":{"name":"(anonymous_7)","decl":{"start":{"line":33,"column":16},"end":{"line":33,"column":17}},"loc":{"start":{"line":33,"column":25},"end":{"line":33,"column":57}},"line":33},"8":{"name":"(anonymous_8)","decl":{"start":{"line":39,"column":19},"end":{"line":39,"column":20}},"loc":{"start":{"line":39,"column":29},"end":{"line":39,"column":57}},"line":39},"9":{"name":"(anonymous_9)","decl":{"start":{"line":40,"column":16},"end":{"line":40,"column":17}},"loc":{"start":{"line":40,"column":25},"end":{"line":40,"column":71}},"line":40}},"branchMap":{"0":{"loc":{"start":{"line":12,"column":25},"end":{"line":12,"column":54}},"type":"binary-expr","locations":[{"start":{"line":12,"column":25},"end":{"line":12,"column":29}},{"start":{"line":12,"column":33},"end":{"line":12,"column":54}}],"line":12},"1":{"loc":{"start":{"line":19,"column":25},"end":{"line":19,"column":54}},"type":"binary-expr","locations":[{"start":{"line":19,"column":25},"end":{"line":19,"column":29}},{"start":{"line":19,"column":33},"end":{"line":19,"column":54}}],"line":19},"2":{"loc":{"start":{"line":26,"column":27},"end":{"line":26,"column":74}},"type":"binary-expr","locations":[{"start":{"line":26,"column":27},"end":{"line":26,"column":33}},{"start":{"line":26,"column":37},"end":{"line":26,"column":53}},{"start":{"line":26,"column":57},"end":{"line":26,"column":74}}],"line":26},"3":{"loc":{"start":{"line":32,"column":29},"end":{"line":32,"column":56}},"type":"cond-expr","locations":[{"start":{"line":32,"column":35},"end":{"line":32,"column":52}},{"start":{"line":32,"column":55},"end":{"line":32,"column":56}}],"line":32},"4":{"loc":{"start":{"line":33,"column":25},"end":{"line":33,"column":57}},"type":"binary-expr","locations":[{"start":{"line":33,"column":25},"end":{"line":33,"column":46}},{"start":{"line":33,"column":50},"end":{"line":33,"column":57}}],"line":33},"5":{"loc":{"start":{"line":39,"column":29},"end":{"line":39,"column":57}},"type":"cond-expr","locations":[{"start":{"line":39,"column":35},"end":{"line":39,"column":52}},{"start":{"line":39,"column":55},"end":{"line":39,"column":57}}],"line":39},"6":{"loc":{"start":{"line":40,"column":25},"end":{"line":40,"column":71}},"type":"binary-expr","locations":[{"start":{"line":40,"column":25},"end":{"line":40,"column":46}},{"start":{"line":40,"column":50},"end":{"line":40,"column":57}},{"start":{"line":40,"column":61},"end":{"line":40,"column":71}}],"line":40}},"s":{"0":2,"1":2,"2":2,"3":12,"4":11,"5":12,"6":11,"7":12,"8":12,"9":12,"10":12,"11":12},"f":{"0":2,"1":12,"2":11,"3":12,"4":11,"5":12,"6":12,"7":12,"8":12,"9":12},"b":{"0":[12,2],"1":[12,2],"2":[12,3,2],"3":[2,10],"4":[12,12],"5":[3,9],"6":[12,12,11]},"_coverageSchema":"1a1c01bbd47fc00a2c39e90264f33305004495a9","hash":"0c141656d6d1da5c0793aa3e6273b3f058aad0d8"}
,"/Users/gilberto/development/repositorio/projetos_aula/2025/flutter/api/src/utils/validators/schemas/zod/querys/UsuarioQuerySchema.js": {"path":"/Users/gilberto/development/repositorio/projetos_aula/2025/flutter/api/src/utils/validators/schemas/zod/querys/UsuarioQuerySchema.js","statementMap":{"0":{"start":{"line":4,"column":31},"end":{"line":6,"column":2}},"1":{"start":{"line":4,"column":57},"end":{"line":4,"column":92}},"2":{"start":{"line":8,"column":34},"end":{"line":41,"column":2}},"3":{"start":{"line":12,"column":25},"end":{"line":12,"column":54}},"4":{"start":{"line":15,"column":28},"end":{"line":15,"column":39}},"5":{"start":{"line":22,"column":27},"end":{"line":22,"column":74}},"6":{"start":{"line":25,"column":52},"end":{"line":25,"column":63}},"7":{"start":{"line":26,"column":54},"end":{"line":26,"column":65}},"8":{"start":{"line":30,"column":29},"end":{"line":30,"column":56}},"9":{"start":{"line":31,"column":25},"end":{"line":31,"column":57}},"10":{"start":{"line":37,"column":29},"end":{"line":37,"column":57}},"11":{"start":{"line":38,"column":25},"end":{"line":38,"column":71}}},"fnMap":{"0":{"name":"(anonymous_0)","decl":{"start":{"line":4,"column":49},"end":{"line":4,"column":50}},"loc":{"start":{"line":4,"column":57},"end":{"line":4,"column":92}},"line":4},"1":{"name":"(anonymous_1)","decl":{"start":{"line":12,"column":16},"end":{"line":12,"column":17}},"loc":{"start":{"line":12,"column":25},"end":{"line":12,"column":54}},"line":12},"2":{"name":"(anonymous_2)","decl":{"start":{"line":15,"column":19},"end":{"line":15,"column":20}},"loc":{"start":{"line":15,"column":28},"end":{"line":15,"column":39}},"line":15},"3":{"name":"(anonymous_3)","decl":{"start":{"line":22,"column":16},"end":{"line":22,"column":17}},"loc":{"start":{"line":22,"column":27},"end":{"line":22,"column":74}},"line":22},"4":{"name":"(anonymous_4)","decl":{"start":{"line":25,"column":43},"end":{"line":25,"column":44}},"loc":{"start":{"line":25,"column":52},"end":{"line":25,"column":63}},"line":25},"5":{"name":"(anonymous_5)","decl":{"start":{"line":26,"column":45},"end":{"line":26,"column":46}},"loc":{"start":{"line":26,"column":54},"end":{"line":26,"column":65}},"line":26},"6":{"name":"(anonymous_6)","decl":{"start":{"line":30,"column":19},"end":{"line":30,"column":20}},"loc":{"start":{"line":30,"column":29},"end":{"line":30,"column":56}},"line":30},"7":{"name":"(anonymous_7)","decl":{"start":{"line":31,"column":16},"end":{"line":31,"column":17}},"loc":{"start":{"line":31,"column":25},"end":{"line":31,"column":57}},"line":31},"8":{"name":"(anonymous_8)","decl":{"start":{"line":37,"column":19},"end":{"line":37,"column":20}},"loc":{"start":{"line":37,"column":29},"end":{"line":37,"column":57}},"line":37},"9":{"name":"(anonymous_9)","decl":{"start":{"line":38,"column":16},"end":{"line":38,"column":17}},"loc":{"start":{"line":38,"column":25},"end":{"line":38,"column":71}},"line":38}},"branchMap":{"0":{"loc":{"start":{"line":12,"column":25},"end":{"line":12,"column":54}},"type":"binary-expr","locations":[{"start":{"line":12,"column":25},"end":{"line":12,"column":29}},{"start":{"line":12,"column":33},"end":{"line":12,"column":54}}],"line":12},"1":{"loc":{"start":{"line":22,"column":27},"end":{"line":22,"column":74}},"type":"binary-expr","locations":[{"start":{"line":22,"column":27},"end":{"line":22,"column":33}},{"start":{"line":22,"column":37},"end":{"line":22,"column":53}},{"start":{"line":22,"column":57},"end":{"line":22,"column":74}}],"line":22},"2":{"loc":{"start":{"line":30,"column":29},"end":{"line":30,"column":56}},"type":"cond-expr","locations":[{"start":{"line":30,"column":35},"end":{"line":30,"column":52}},{"start":{"line":30,"column":55},"end":{"line":30,"column":56}}],"line":30},"3":{"loc":{"start":{"line":31,"column":25},"end":{"line":31,"column":57}},"type":"binary-expr","locations":[{"start":{"line":31,"column":25},"end":{"line":31,"column":46}},{"start":{"line":31,"column":50},"end":{"line":31,"column":57}}],"line":31},"4":{"loc":{"start":{"line":37,"column":29},"end":{"line":37,"column":57}},"type":"cond-expr","locations":[{"start":{"line":37,"column":35},"end":{"line":37,"column":52}},{"start":{"line":37,"column":55},"end":{"line":37,"column":57}}],"line":37},"5":{"loc":{"start":{"line":38,"column":25},"end":{"line":38,"column":71}},"type":"binary-expr","locations":[{"start":{"line":38,"column":25},"end":{"line":38,"column":46}},{"start":{"line":38,"column":50},"end":{"line":38,"column":57}},{"start":{"line":38,"column":61},"end":{"line":38,"column":71}}],"line":38}},"s":{"0":1,"1":2,"2":1,"3":8,"4":8,"5":8,"6":8,"7":8,"8":8,"9":8,"10":8,"11":8},"f":{"0":2,"1":8,"2":8,"3":8,"4":8,"5":8,"6":8,"7":8,"8":8,"9":8},"b":{"0":[8,7],"1":[8,8,1],"2":[8,0],"3":[8,7],"4":[8,0],"5":[8,8,7]},"_coverageSchema":"1a1c01bbd47fc00a2c39e90264f33305004495a9","hash":"9057685951fd5fa764d39c0f39e9a5cf3929fca0"}
}
