TN:
SF:src/controllers/UsuarioController.js
FN:25,(anonymous_0)
FN:28,(anonymous_1)
FN:36,(anonymous_2)
FN:59,(anonymous_3)
FN:79,(anonymous_4)
FN:102,(anonymous_5)
FN:123,(anonymous_6)
FN:201,(anonymous_7)
FNF:8
FNH:8
FNDA:5,(anonymous_0)
FNDA:21,(anonymous_1)
FNDA:5,(anonymous_2)
FNDA:2,(anonymous_3)
FNDA:3,(anonymous_4)
FNDA:3,(anonymous_5)
FNDA:4,(anonymous_6)
FNDA:4,(anonymous_7)
DA:25,5
DA:29,21
DA:37,5
DA:40,5
DA:41,5
DA:42,2
DA:46,5
DA:47,5
DA:49,2
DA:52,3
DA:53,3
DA:60,2
DA:63,2
DA:64,2
DA:67,2
DA:70,0
DA:72,0
DA:80,3
DA:83,3
DA:84,3
DA:86,2
DA:88,2
DA:91,2
DA:94,0
DA:96,0
DA:103,3
DA:105,3
DA:106,3
DA:107,1
DA:116,2
DA:117,2
DA:124,4
DA:125,4
DA:127,4
DA:128,4
DA:131,4
DA:132,4
DA:133,1
DA:143,3
DA:144,3
DA:145,3
DA:146,1
DA:156,2
DA:157,2
DA:158,2
DA:161,2
DA:162,1
DA:166,2
DA:174,2
DA:177,2
DA:178,2
DA:180,2
DA:182,2
DA:193,2
DA:194,2
DA:202,4
DA:203,4
DA:205,4
DA:206,4
DA:208,4
DA:209,4
DA:211,4
DA:212,1
DA:221,3
DA:222,3
DA:223,3
DA:225,3
DA:226,3
DA:232,3
DA:234,3
DA:235,3
DA:237,1
DA:238,1
LF:73
LH:69
BRDA:40,0,0,5
BRDA:40,0,1,0
BRDA:41,1,0,2
BRDA:41,1,1,3
BRDA:46,2,0,5
BRDA:46,2,1,0
BRDA:47,3,0,2
BRDA:47,3,1,3
BRDA:105,4,0,3
BRDA:105,4,1,0
BRDA:106,5,0,1
BRDA:106,5,1,2
BRDA:127,6,0,4
BRDA:127,6,1,0
BRDA:132,7,0,1
BRDA:132,7,1,3
BRDA:145,8,0,1
BRDA:145,8,1,2
BRDA:161,9,0,1
BRDA:161,9,1,1
BRDA:205,10,0,4
BRDA:205,10,1,0
BRDA:211,11,0,1
BRDA:211,11,1,3
BRDA:232,12,0,3
BRDA:232,12,1,1
BRF:26
BRH:21
end_of_record
TN:
SF:src/middlewares/AuthMiddleware.js
FN:10,(anonymous_0)
FN:21,(anonymous_1)
FNF:2
FNH:2
FNDA:1,(anonymous_0)
FNDA:8,(anonymous_1)
DA:11,1
DA:18,1
DA:22,8
DA:23,8
DA:25,8
DA:26,1
DA:29,7
DA:31,7
DA:32,1
DA:36,6
DA:38,4
DA:39,1
DA:43,3
DA:45,2
DA:46,1
DA:56,1
DA:57,1
DA:60,7
DA:61,1
DA:62,6
DA:63,2
DA:65,4
LF:22
LH:22
BRDA:25,0,0,1
BRDA:25,0,1,7
BRDA:31,1,0,1
BRDA:31,1,1,6
BRDA:31,2,0,7
BRDA:31,2,1,6
BRDA:38,3,0,1
BRDA:38,3,1,3
BRDA:45,4,0,1
BRDA:45,4,1,1
BRDA:60,5,0,1
BRDA:60,5,1,6
BRDA:62,6,0,2
BRDA:62,6,1,4
BRF:14
BRH:14
end_of_record
TN:
SF:src/middlewares/asyncWrapper.js
FN:3,(anonymous_0)
FN:4,(anonymous_1)
FNF:2
FNH:2
FNDA:3,(anonymous_0)
FNDA:3,(anonymous_1)
DA:3,13
DA:4,3
DA:5,3
LF:3
LH:3
BRF:0
BRH:0
end_of_record
TN:
SF:src/models/Grupo.js
FN:7,(anonymous_0)
FN:43,(anonymous_1)
FN:45,(anonymous_2)
FNF:3
FNH:3
FNDA:11,(anonymous_0)
FNDA:2,(anonymous_1)
FNDA:3,(anonymous_2)
DA:8,11
DA:43,11
DA:44,2
DA:45,3
DA:46,2
DA:48,2
DA:49,1
DA:52,1
DA:55,11
DA:57,11
LF:10
LH:10
BRDA:48,0,0,1
BRDA:48,0,1,1
BRF:2
BRH:2
end_of_record
TN:
SF:src/models/Rota.js
FN:6,(anonymous_0)
FN:28,(anonymous_1)
FNF:2
FNH:2
FNDA:8,(anonymous_0)
FNDA:4,(anonymous_1)
DA:7,8
DA:22,8
DA:25,8
DA:28,8
DA:29,4
DA:30,4
DA:32,4
DA:35,8
LF:8
LH:8
BRDA:29,0,0,4
BRDA:29,0,1,0
BRF:2
BRH:1
end_of_record
TN:
SF:src/models/Unidade.js
FN:7,(anonymous_0)
FNF:1
FNH:1
FNDA:15,(anonymous_0)
DA:8,15
DA:21,15
DA:24,15
DA:25,15
LF:4
LH:4
BRF:0
BRH:0
end_of_record
TN:
SF:src/models/Usuario.js
FN:8,(anonymous_0)
FN:59,(anonymous_1)
FN:61,(anonymous_2)
FNF:3
FNH:3
FNDA:7,(anonymous_0)
FNDA:6,(anonymous_1)
FNDA:5,(anonymous_2)
DA:9,7
DA:59,7
DA:60,6
DA:61,6
DA:62,6
DA:64,6
DA:65,1
DA:68,5
DA:71,7
DA:73,7
LF:10
LH:10
BRDA:64,0,0,1
BRDA:64,0,1,5
BRF:2
BRH:2
end_of_record
TN:
SF:src/repositories/AuthRepository.js
FN:9,(anonymous_0)
FN:24,(anonymous_1)
FN:44,(anonymous_2)
FNF:3
FNH:3
FNDA:5,(anonymous_0)
FNDA:2,(anonymous_1)
FNDA:2,(anonymous_2)
DA:15,5
DA:16,5
DA:17,5
DA:18,5
DA:25,2
DA:26,2
DA:27,1
DA:35,1
DA:36,1
DA:37,1
DA:38,1
DA:46,2
DA:50,2
DA:53,2
DA:54,1
DA:62,1
LF:16
LH:16
BRDA:9,0,0,5
BRDA:10,1,0,5
BRDA:11,2,0,5
BRDA:12,3,0,5
BRDA:13,4,0,5
BRDA:26,5,0,1
BRDA:26,5,1,1
BRDA:53,6,0,1
BRDA:53,6,1,1
BRF:9
BRH:9
end_of_record
TN:
SF:src/repositories/GrupoRepository.js
FN:12,(anonymous_0)
FN:31,(anonymous_1)
FN:32,(anonymous_2)
FN:34,(anonymous_3)
FN:43,(anonymous_4)
FN:44,(anonymous_5)
FN:46,(anonymous_6)
FN:49,(anonymous_7)
FN:52,(anonymous_8)
FN:65,(anonymous_9)
FN:86,(anonymous_10)
FN:106,(anonymous_11)
FN:109,(anonymous_12)
FN:122,(anonymous_13)
FN:190,(anonymous_14)
FN:228,(anonymous_15)
FN:246,(anonymous_16)
FN:252,(anonymous_17)
FN:286,(anonymous_18)
FNF:19
FNH:19
FNDA:47,(anonymous_0)
FNDA:1,(anonymous_1)
FNDA:3,(anonymous_2)
FNDA:2,(anonymous_3)
FNDA:1,(anonymous_4)
FNDA:3,(anonymous_5)
FNDA:3,(anonymous_6)
FNDA:2,(anonymous_7)
FNDA:3,(anonymous_8)
FNDA:3,(anonymous_9)
FNDA:2,(anonymous_10)
FNDA:2,(anonymous_11)
FNDA:4,(anonymous_12)
FNDA:11,(anonymous_13)
FNDA:3,(anonymous_14)
FNDA:5,(anonymous_15)
FNDA:6,(anonymous_16)
FNDA:5,(anonymous_17)
FNDA:5,(anonymous_18)
DA:20,47
DA:21,47
DA:22,47
DA:23,47
DA:24,47
DA:25,47
DA:32,3
DA:33,1
DA:34,1
DA:35,2
DA:36,2
DA:44,3
DA:45,1
DA:46,1
DA:47,3
DA:49,2
DA:50,1
DA:51,1
DA:52,1
DA:53,3
DA:54,3
DA:55,1
DA:56,1
DA:59,1
DA:67,3
DA:70,3
DA:71,1
DA:75,3
DA:78,3
DA:87,2
DA:88,2
DA:89,1
DA:99,1
DA:109,4
DA:114,2
DA:115,2
DA:123,11
DA:124,11
DA:125,11
DA:127,11
DA:128,2
DA:131,2
DA:132,1
DA:142,1
DA:143,1
DA:145,1
DA:153,0
DA:157,9
DA:160,9
DA:163,9
DA:168,9
DA:171,9
DA:172,3
DA:175,3
DA:185,3
DA:186,3
DA:190,3
DA:191,3
DA:193,3
DA:194,3
DA:196,3
DA:205,3
DA:207,8
DA:209,8
DA:210,1
DA:213,7
DA:229,5
DA:230,5
DA:231,2
DA:233,3
DA:234,3
DA:247,6
DA:248,6
DA:253,5
DA:254,5
DA:256,2
DA:257,1
DA:265,1
DA:267,4
DA:269,4
DA:270,1
DA:273,3
DA:287,5
DA:288,5
DA:290,2
DA:291,1
DA:299,1
DA:301,4
DA:303,4
DA:304,1
DA:307,3
LF:91
LH:90
BRDA:12,0,0,19
BRDA:13,1,0,19
BRDA:14,2,0,19
BRDA:15,3,0,19
BRDA:16,4,0,19
BRDA:17,5,0,19
BRDA:18,6,0,47
BRDA:32,7,0,3
BRDA:32,7,1,0
BRDA:36,8,0,0
BRDA:36,8,1,2
BRDA:47,9,0,3
BRDA:47,9,1,2
BRDA:54,10,0,1
BRDA:54,10,1,2
BRDA:54,11,0,3
BRDA:54,11,1,2
BRDA:65,12,0,2
BRDA:70,13,0,1
BRDA:70,13,1,2
BRDA:88,14,0,1
BRDA:88,14,1,1
BRDA:111,15,0,4
BRDA:111,15,1,0
BRDA:125,16,0,11
BRDA:125,16,1,9
BRDA:127,17,0,2
BRDA:127,17,1,9
BRDA:131,18,0,1
BRDA:131,18,1,1
BRDA:142,19,0,0
BRDA:142,19,1,1
BRDA:143,20,0,0
BRDA:143,20,1,1
BRDA:157,21,0,0
BRDA:157,22,0,0
BRDA:160,23,0,9
BRDA:160,23,1,0
BRDA:164,24,0,9
BRDA:164,24,1,0
BRDA:165,25,0,9
BRDA:165,25,1,0
BRDA:166,26,0,9
BRDA:166,26,1,0
BRDA:191,27,0,0
BRDA:191,27,1,3
BRDA:193,28,0,0
BRDA:193,28,1,3
BRDA:194,29,0,0
BRDA:194,29,1,3
BRDA:209,30,0,1
BRDA:209,30,1,7
BRDA:256,31,0,1
BRDA:256,31,1,1
BRDA:269,32,0,1
BRDA:269,32,1,3
BRDA:290,33,0,1
BRDA:290,33,1,1
BRDA:303,34,0,1
BRDA:303,34,1,3
BRF:60
BRH:46
end_of_record
TN:
SF:src/repositories/UnidadeRepository.js
FN:9,(anonymous_0)
FN:15,(anonymous_1)
FN:45,(anonymous_2)
FN:75,(anonymous_3)
FN:92,(anonymous_4)
FN:106,(anonymous_5)
FN:176,(anonymous_6)
FN:199,(anonymous_7)
FN:207,(anonymous_8)
FN:227,(anonymous_9)
FN:246,(anonymous_10)
FNF:11
FNH:6
FNDA:29,(anonymous_0)
FNDA:1,(anonymous_1)
FNDA:0,(anonymous_2)
FNDA:0,(anonymous_3)
FNDA:0,(anonymous_4)
FNDA:3,(anonymous_5)
FNDA:0,(anonymous_6)
FNDA:2,(anonymous_7)
FNDA:2,(anonymous_8)
FNDA:2,(anonymous_9)
FNDA:0,(anonymous_10)
DA:10,29
DA:16,1
DA:38,0
DA:46,0
DA:68,0
DA:76,0
DA:77,0
DA:78,0
DA:80,0
DA:81,0
DA:83,0
DA:84,0
DA:93,0
DA:94,0
DA:95,0
DA:103,0
DA:107,3
DA:110,3
DA:111,1
DA:112,1
DA:113,0
DA:122,1
DA:123,0
DA:125,0
DA:126,0
DA:128,0
DA:131,0
DA:138,0
DA:142,2
DA:145,2
DA:148,2
DA:154,2
DA:155,0
DA:165,2
DA:166,2
DA:173,2
DA:176,1
DA:178,0
DA:180,0
DA:181,0
DA:183,0
DA:184,0
DA:186,0
DA:195,0
DA:200,2
DA:201,2
DA:208,2
DA:211,1
DA:212,0
DA:221,1
DA:228,2
DA:231,1
DA:232,0
DA:240,1
DA:247,0
DA:248,0
LF:56
LH:23
BRDA:75,0,0,0
BRDA:75,1,0,0
BRDA:77,2,0,0
BRDA:77,2,1,0
BRDA:80,3,0,0
BRDA:80,3,1,0
BRDA:94,4,0,0
BRDA:94,4,1,0
BRDA:107,5,0,3
BRDA:107,5,1,2
BRDA:110,6,0,1
BRDA:110,6,1,2
BRDA:112,7,0,0
BRDA:112,7,1,1
BRDA:123,8,0,0
BRDA:123,8,1,0
BRDA:126,9,0,0
BRDA:126,9,1,0
BRDA:142,10,0,1
BRDA:142,11,0,2
BRDA:142,11,1,1
BRDA:145,12,0,2
BRDA:145,12,1,1
BRDA:154,13,0,0
BRDA:154,13,1,2
BRDA:178,14,0,0
BRDA:178,14,1,0
BRDA:181,15,0,0
BRDA:181,15,1,0
BRDA:184,16,0,0
BRDA:184,16,1,0
BRDA:211,17,0,0
BRDA:211,17,1,1
BRDA:231,18,0,0
BRDA:231,18,1,1
BRF:35
BRH:13
end_of_record
TN:
SF:src/repositories/UsuarioRepository.js
FN:12,(anonymous_0)
FN:29,(anonymous_1)
FN:30,(anonymous_2)
FN:32,(anonymous_3)
FN:41,(anonymous_4)
FN:42,(anonymous_5)
FN:50,(anonymous_6)
FN:72,(anonymous_7)
FN:95,(anonymous_8)
FN:96,(anonymous_9)
FN:107,(anonymous_10)
FN:186,(anonymous_11)
FN:207,(anonymous_12)
FN:213,(anonymous_13)
FN:238,(anonymous_14)
FNF:15
FNH:14
FNDA:75,(anonymous_0)
FNDA:3,(anonymous_1)
FNDA:6,(anonymous_2)
FNDA:5,(anonymous_3)
FNDA:4,(anonymous_4)
FNDA:13,(anonymous_5)
FNDA:3,(anonymous_6)
FNDA:3,(anonymous_7)
FNDA:3,(anonymous_8)
FNDA:3,(anonymous_9)
FNDA:9,(anonymous_10)
FNDA:0,(anonymous_11)
FNDA:3,(anonymous_12)
FNDA:3,(anonymous_13)
FNDA:3,(anonymous_14)
DA:18,75
DA:19,75
DA:20,75
DA:21,75
DA:30,6
DA:31,3
DA:32,3
DA:33,5
DA:34,5
DA:42,4
DA:43,13
DA:51,3
DA:53,3
DA:54,1
DA:57,3
DA:65,0
DA:73,3
DA:75,3
DA:76,1
DA:78,3
DA:79,3
DA:80,1
DA:88,2
DA:96,3
DA:100,3
DA:101,3
DA:108,9
DA:109,9
DA:112,9
DA:113,2
DA:121,2
DA:122,1
DA:132,1
DA:133,1
DA:134,1
DA:135,1
DA:143,0
DA:147,7
DA:148,7
DA:150,7
DA:155,7
DA:156,1
DA:165,6
DA:166,6
DA:167,6
DA:169,6
DA:183,6
DA:186,6
DA:187,0
DA:189,0
DA:190,0
DA:191,0
DA:193,0
DA:203,0
DA:208,3
DA:209,3
DA:214,3
DA:225,0
DA:226,0
DA:234,0
DA:239,3
DA:240,2
LF:62
LH:51
BRDA:12,0,0,75
BRDA:13,1,0,75
BRDA:14,2,0,75
BRDA:15,3,0,75
BRDA:16,4,0,75
BRDA:30,5,0,6
BRDA:30,5,1,2
BRDA:34,6,0,2
BRDA:34,6,1,3
BRDA:43,7,0,13
BRDA:43,7,1,0
BRDA:50,8,0,2
BRDA:53,9,0,1
BRDA:53,9,1,2
BRDA:72,10,0,2
BRDA:75,11,0,1
BRDA:75,11,1,2
BRDA:79,12,0,1
BRDA:79,12,1,2
BRDA:98,13,0,3
BRDA:98,13,1,1
BRDA:109,14,0,9
BRDA:109,14,1,7
BRDA:112,15,0,2
BRDA:112,15,1,7
BRDA:121,16,0,1
BRDA:121,16,1,1
BRDA:132,17,0,1
BRDA:132,17,1,0
BRDA:133,18,0,1
BRDA:133,18,1,0
BRDA:134,19,0,1
BRDA:134,19,1,0
BRDA:147,20,0,3
BRDA:148,21,0,7
BRDA:148,21,1,2
BRDA:151,22,0,7
BRDA:151,22,1,1
BRDA:152,23,0,7
BRDA:152,23,1,6
BRDA:153,24,0,7
BRDA:153,24,1,6
BRDA:155,25,0,1
BRDA:155,25,1,6
BRDA:187,26,0,0
BRDA:187,26,1,0
BRDA:189,27,0,0
BRDA:189,27,1,0
BRDA:190,28,0,0
BRDA:190,28,1,0
BRDA:191,29,0,0
BRDA:191,29,1,0
BRDA:225,30,0,0
BRDA:225,30,1,0
BRF:54
BRH:40
end_of_record
TN:
SF:src/repositories/filters/GrupoFilterBuilder.js
FN:6,(anonymous_0)
FN:11,(anonymous_1)
FN:19,(anonymous_2)
FN:28,(anonymous_3)
FN:40,(anonymous_4)
FN:46,(anonymous_5)
FN:55,(anonymous_6)
FN:59,(anonymous_7)
FNF:8
FNH:0
FNDA:0,(anonymous_0)
FNDA:0,(anonymous_1)
FNDA:0,(anonymous_2)
FNDA:0,(anonymous_3)
FNDA:0,(anonymous_4)
FNDA:0,(anonymous_5)
FNDA:0,(anonymous_6)
FNDA:0,(anonymous_7)
DA:7,0
DA:8,0
DA:12,0
DA:13,0
DA:14,0
DA:16,0
DA:20,0
DA:21,0
DA:22,0
DA:24,0
DA:29,0
DA:30,0
DA:31,0
DA:32,0
DA:35,0
DA:37,0
DA:41,0
DA:42,0
DA:44,0
DA:46,0
DA:50,0
DA:52,0
DA:56,0
DA:60,0
LF:24
LH:0
BRDA:12,0,0,0
BRDA:12,0,1,0
BRDA:20,1,0,0
BRDA:20,1,1,0
BRDA:29,2,0,0
BRDA:29,2,1,0
BRDA:31,3,0,0
BRDA:31,3,1,0
BRDA:41,4,0,0
BRDA:41,4,1,0
BRDA:44,5,0,0
BRDA:44,5,1,0
BRDA:45,6,0,0
BRDA:45,6,1,0
BRF:14
BRH:0
end_of_record
TN:
SF:src/repositories/filters/UnidadeFilterBuilder.js
FN:4,(anonymous_0)
FN:8,(anonymous_1)
FN:15,(anonymous_2)
FN:22,(anonymous_3)
FN:31,(anonymous_4)
FNF:5
FNH:5
FNDA:10,(anonymous_0)
FNDA:4,(anonymous_1)
FNDA:4,(anonymous_2)
FNDA:5,(anonymous_3)
FNDA:9,(anonymous_4)
DA:5,10
DA:9,4
DA:10,2
DA:12,4
DA:16,4
DA:17,2
DA:19,4
DA:23,5
DA:24,2
DA:25,3
DA:26,1
DA:28,5
DA:32,9
LF:13
LH:13
BRDA:9,0,0,2
BRDA:9,0,1,2
BRDA:16,1,0,2
BRDA:16,1,1,2
BRDA:23,2,0,2
BRDA:23,2,1,3
BRDA:25,3,0,1
BRDA:25,3,1,2
BRF:8
BRH:8
end_of_record
TN:
SF:src/repositories/filters/UsuarioFilterBuilder.js
FN:12,(anonymous_0)
FN:22,(anonymous_1)
FN:29,(anonymous_2)
FN:36,(anonymous_3)
FN:47,(anonymous_4)
FN:54,(anonymous_5)
FN:63,(anonymous_6)
FN:69,(anonymous_7)
FN:78,(anonymous_8)
FN:82,(anonymous_9)
FNF:10
FNH:10
FNDA:19,(anonymous_0)
FNDA:4,(anonymous_1)
FNDA:4,(anonymous_2)
FNDA:5,(anonymous_3)
FNDA:5,(anonymous_4)
FNDA:2,(anonymous_5)
FNDA:5,(anonymous_6)
FNDA:2,(anonymous_7)
FNDA:2,(anonymous_8)
FNDA:17,(anonymous_9)
DA:13,19
DA:14,19
DA:15,19
DA:16,19
DA:17,19
DA:18,19
DA:19,19
DA:23,4
DA:24,2
DA:26,4
DA:30,4
DA:31,2
DA:33,4
DA:37,5
DA:38,3
DA:40,5
DA:41,1
DA:43,5
DA:44,5
DA:48,5
DA:50,4
DA:52,4
DA:54,2
DA:58,4
DA:60,5
DA:64,5
DA:65,4
DA:67,4
DA:69,2
DA:73,4
DA:75,5
DA:79,2
DA:83,17
LF:33
LH:33
BRDA:23,0,0,2
BRDA:23,0,1,2
BRDA:30,1,0,2
BRDA:30,1,1,2
BRDA:36,2,0,1
BRDA:37,3,0,3
BRDA:37,3,1,2
BRDA:40,4,0,1
BRDA:40,4,1,4
BRDA:48,5,0,4
BRDA:48,5,1,1
BRDA:52,6,0,3
BRDA:52,6,1,1
BRDA:53,7,0,1
BRDA:53,7,1,2
BRDA:64,8,0,4
BRDA:64,8,1,1
BRDA:67,9,0,3
BRDA:67,9,1,1
BRDA:68,10,0,1
BRDA:68,10,1,2
BRF:21
BRH:21
end_of_record
TN:
SF:src/services/AuthService.js
FN:13,(anonymous_0)
FN:20,(anonymous_1)
FN:25,(anonymous_2)
FN:30,(anonymous_3)
FN:35,(anonymous_4)
FN:106,(anonymous_5)
FN:122,(anonymous_6)
FNF:7
FNH:5
FNDA:9,(anonymous_0)
FNDA:0,(anonymous_1)
FNDA:0,(anonymous_2)
FNDA:1,(anonymous_3)
FNDA:3,(anonymous_4)
FNDA:1,(anonymous_5)
FNDA:3,(anonymous_6)
DA:15,9
DA:16,9
DA:17,9
DA:21,0
DA:22,0
DA:26,0
DA:27,0
DA:31,1
DA:32,1
DA:36,3
DA:39,3
DA:40,3
DA:41,1
DA:51,2
DA:52,2
DA:53,1
DA:63,1
DA:66,1
DA:67,1
DA:68,0
DA:70,0
DA:71,0
DA:72,0
DA:74,0
DA:75,0
DA:77,0
DA:88,0
DA:91,0
DA:94,0
DA:97,0
DA:98,0
DA:99,0
DA:102,0
DA:107,1
DA:108,1
DA:110,1
DA:111,0
DA:119,1
DA:123,3
DA:125,3
DA:126,1
DA:134,2
DA:135,2
DA:137,2
DA:138,1
DA:139,1
DA:147,1
DA:151,1
DA:157,1
DA:158,1
DA:159,0
DA:161,1
DA:164,1
DA:167,1
DA:168,1
DA:169,1
DA:171,0
DA:177,0
LF:58
LH:36
BRDA:13,0,0,9
BRDA:15,1,0,9
BRDA:15,1,1,9
BRDA:16,2,0,9
BRDA:16,2,1,9
BRDA:17,3,0,9
BRDA:17,3,1,9
BRDA:40,4,0,1
BRDA:40,4,1,2
BRDA:52,5,0,1
BRDA:52,5,1,1
BRDA:70,6,0,0
BRDA:70,6,1,0
BRDA:74,7,0,0
BRDA:74,7,1,0
BRDA:74,8,0,0
BRDA:74,8,1,0
BRDA:110,9,0,0
BRDA:110,9,1,1
BRDA:125,10,0,1
BRDA:125,10,1,2
BRDA:137,11,0,1
BRDA:137,11,1,1
BRDA:158,12,0,0
BRDA:158,12,1,1
BRF:25
BRH:17
end_of_record
TN:
SF:src/services/PermissionService.js
FN:10,(anonymous_0)
FN:18,(anonymous_1)
FN:40,(anonymous_2)
FN:48,(anonymous_3)
FNF:4
FNH:4
FNDA:13,(anonymous_0)
FNDA:13,(anonymous_1)
FNDA:10,(anonymous_2)
FNDA:9,(anonymous_3)
DA:11,13
DA:12,13
DA:13,13
DA:14,13
DA:15,13
DA:19,13
DA:20,13
DA:21,12
DA:22,1
DA:31,11
DA:33,11
DA:34,2
DA:37,11
DA:38,11
DA:40,11
DA:41,10
DA:42,10
DA:43,9
DA:44,9
DA:48,11
DA:49,9
DA:57,11
DA:59,2
DA:60,2
LF:24
LH:24
BRDA:21,0,0,1
BRDA:21,0,1,11
BRDA:31,1,0,11
BRDA:31,1,1,1
BRDA:34,2,0,2
BRDA:34,2,1,1
BRDA:42,3,0,9
BRDA:42,3,1,1
BRDA:50,4,0,9
BRDA:50,4,1,8
BRDA:50,4,2,7
BRDA:50,4,3,6
BRF:12
BRH:12
end_of_record
TN:
SF:src/services/UnidadeService.js
FN:17,(anonymous_0)
FN:24,(anonymous_1)
FN:33,(anonymous_2)
FN:59,(anonymous_3)
FN:93,(anonymous_4)
FN:120,(anonymous_5)
FNF:6
FNH:6
FNDA:9,(anonymous_0)
FNDA:1,(anonymous_1)
FNDA:3,(anonymous_2)
FNDA:3,(anonymous_3)
FNDA:3,(anonymous_4)
FNDA:6,(anonymous_5)
DA:18,9
DA:25,1
DA:26,1
DA:27,1
DA:34,3
DA:37,3
DA:38,3
DA:39,2
DA:49,1
DA:52,1
DA:53,1
DA:60,3
DA:62,3
DA:65,3
DA:66,2
DA:76,1
DA:79,1
DA:82,1
DA:83,1
DA:94,3
DA:97,3
DA:100,3
DA:102,3
DA:103,2
DA:113,1
DA:114,1
DA:121,6
DA:122,6
DA:123,2
LF:29
LH:29
BRDA:38,0,0,2
BRDA:38,0,1,1
BRDA:65,1,0,2
BRDA:65,1,1,1
BRDA:102,2,0,2
BRDA:102,2,1,1
BRDA:122,3,0,2
BRDA:122,3,1,4
BRF:8
BRH:8
end_of_record
TN:
SF:src/services/UsuarioService.js
FN:11,(anonymous_0)
FN:19,(anonymous_1)
FN:29,(anonymous_2)
FN:52,(anonymous_3)
FN:84,(anonymous_4)
FN:97,(anonymous_5)
FN:106,(anonymous_6)
FN:114,(anonymous_7)
FN:127,(anonymous_8)
FN:143,(anonymous_9)
FN:171,(anonymous_10)
FNF:11
FNH:10
FNDA:42,(anonymous_0)
FNDA:0,(anonymous_1)
FNDA:3,(anonymous_2)
FNDA:2,(anonymous_3)
FNDA:2,(anonymous_4)
FNDA:1,(anonymous_5)
FNDA:1,(anonymous_6)
FNDA:1,(anonymous_7)
FNDA:5,(anonymous_8)
FNDA:11,(anonymous_9)
FNDA:6,(anonymous_10)
DA:12,42
DA:20,0
DA:21,0
DA:22,0
DA:23,0
DA:30,3
DA:33,3
DA:35,3
DA:38,3
DA:40,2
DA:43,2
DA:45,2
DA:53,2
DA:59,2
DA:61,2
DA:62,2
DA:66,2
DA:67,2
DA:70,2
DA:73,2
DA:74,1
DA:77,2
DA:78,2
DA:85,2
DA:88,2
DA:90,1
DA:91,1
DA:98,1
DA:99,1
DA:100,1
DA:107,1
DA:108,1
DA:115,1
DA:116,1
DA:117,1
DA:128,5
DA:129,5
DA:130,1
DA:145,11
DA:146,3
DA:149,11
DA:150,6
DA:153,11
DA:155,11
DA:156,3
DA:165,8
DA:172,6
DA:173,6
DA:174,2
DA:182,4
LF:50
LH:46
BRDA:59,0,0,2
BRDA:59,0,1,0
BRDA:73,1,0,1
BRDA:73,1,1,1
BRDA:127,2,0,5
BRDA:129,3,0,1
BRDA:129,3,1,4
BRDA:145,4,0,3
BRDA:145,4,1,8
BRDA:149,5,0,6
BRDA:149,5,1,5
BRDA:155,6,0,3
BRDA:155,6,1,8
BRDA:173,7,0,2
BRDA:173,7,1,4
BRF:15
BRH:14
end_of_record
TN:
SF:src/utils/AuthHelper.js
FN:5,(anonymous_0)
FN:9,(anonymous_1)
FN:17,(anonymous_2)
FNF:3
FNH:0
FNDA:0,(anonymous_0)
FNDA:0,(anonymous_1)
FNDA:0,(anonymous_2)
DA:6,0
DA:10,0
DA:11,0
DA:13,0
DA:18,0
LF:5
LH:0
BRF:0
BRH:0
end_of_record
TN:
SF:src/utils/TokenUtil.js
FN:5,(anonymous_0)
FN:11,(anonymous_1)
FNF:2
FNH:1
FNDA:2,(anonymous_0)
FNDA:0,(anonymous_1)
DA:6,2
DA:12,0
LF:2
LH:1
BRF:0
BRH:0
end_of_record
TN:
SF:src/utils/errors/AuthenticationError.js
FN:3,(anonymous_0)
FNF:1
FNH:1
FNDA:4,(anonymous_0)
DA:4,4
DA:5,4
DA:6,4
DA:7,4
LF:4
LH:4
BRF:0
BRH:0
end_of_record
TN:
SF:src/utils/errors/TokenExpiredError.js
FN:3,(anonymous_0)
FNF:1
FNH:1
FNDA:4,(anonymous_0)
DA:4,4
DA:5,4
DA:6,4
DA:7,4
LF:4
LH:4
BRF:0
BRH:0
end_of_record
TN:
SF:src/utils/helpers/CommonResponse.js
FN:6,(anonymous_0)
FN:12,(anonymous_1)
FN:20,(anonymous_2)
FN:26,(anonymous_3)
FN:32,(anonymous_4)
FN:36,(anonymous_5)
FN:49,(anonymous_6)
FNF:7
FNH:6
FNDA:10,(anonymous_0)
FNDA:10,(anonymous_1)
FNDA:4,(anonymous_2)
FNDA:2,(anonymous_3)
FNDA:2,(anonymous_4)
FNDA:2,(anonymous_5)
FNDA:0,(anonymous_6)
DA:7,10
DA:8,10
DA:9,10
DA:13,10
DA:21,4
DA:22,4
DA:23,4
DA:27,2
DA:28,2
DA:29,2
DA:33,2
DA:37,2
DA:38,2
DA:39,2
DA:50,0
LF:15
LH:14
BRDA:6,0,0,0
BRDA:6,1,0,0
BRDA:20,2,0,1
BRDA:20,3,0,1
BRDA:21,4,0,4
BRDA:21,4,1,2
BRDA:26,5,0,1
BRDA:26,6,0,1
BRDA:26,7,0,1
BRDA:27,8,0,2
BRDA:27,8,1,1
BRDA:32,9,0,1
BRDA:36,10,0,1
BRDA:37,11,0,2
BRDA:37,11,1,1
BRDA:49,12,0,0
BRDA:49,13,0,0
BRDA:53,14,0,0
BRDA:53,14,1,0
BRF:19
BRH:13
end_of_record
TN:
SF:src/utils/helpers/CustomError.js
FN:24,(anonymous_0)
FNF:1
FNH:1
FNDA:47,(anonymous_0)
DA:26,47
DA:27,47
DA:28,47
DA:29,47
DA:30,47
DA:31,47
DA:32,47
DA:34,47
DA:35,47
LF:9
LH:9
BRDA:24,0,0,0
BRDA:24,1,0,3
BRDA:24,2,0,3
BRDA:24,3,0,2
BRDA:26,4,0,47
BRDA:26,4,1,2
BRF:6
BRH:5
end_of_record
TN:
SF:src/utils/helpers/HttpStatusCodes.js
FNF:0
FNH:0
DA:4,16
DA:5,16
DA:6,16
DA:7,16
DA:8,16
DA:9,16
DA:10,16
DA:11,16
DA:13,16
DA:14,16
DA:15,16
DA:16,16
DA:17,16
DA:18,16
DA:19,16
DA:20,16
DA:22,16
DA:23,16
DA:24,16
DA:25,16
DA:26,16
DA:27,16
DA:28,16
DA:29,16
DA:30,16
DA:31,16
DA:32,16
DA:33,16
DA:34,16
DA:35,16
DA:36,16
DA:38,16
DA:39,16
DA:40,16
DA:41,16
LF:35
LH:35
BRF:0
BRH:0
end_of_record
TN:
SF:src/utils/helpers/StatusService.js
FN:12,(anonymous_0)
FN:13,(anonymous_1)
FN:23,(anonymous_2)
FNF:3
FNH:3
FNDA:2,(anonymous_0)
FNDA:37,(anonymous_1)
FNDA:3,(anonymous_2)
DA:13,37
DA:14,2
DA:24,3
DA:25,2
DA:26,1
DA:28,1
DA:30,1
LF:7
LH:7
BRDA:14,0,0,1
BRDA:14,0,1,1
BRDA:23,1,0,2
BRDA:24,2,0,2
BRDA:24,2,1,1
BRDA:25,3,0,1
BRDA:25,3,1,1
BRF:7
BRH:7
end_of_record
TN:
SF:src/utils/helpers/errorHandler.js
FN:22,(anonymous_0)
FN:37,(anonymous_1)
FN:59,(anonymous_2)
FNF:3
FNH:3
FNDA:8,(anonymous_0)
FNDA:1,(anonymous_1)
FNDA:2,(anonymous_2)
DA:22,13
DA:24,8
DA:26,8
DA:27,8
DA:30,8
DA:31,1
DA:32,1
DA:37,1
DA:43,7
DA:44,1
DA:45,1
DA:46,1
DA:47,1
DA:58,6
DA:59,2
DA:60,1
DA:61,1
DA:65,5
DA:66,2
DA:67,2
DA:78,3
DA:79,0
DA:80,0
DA:91,3
DA:92,2
DA:93,2
DA:104,1
DA:105,1
DA:109,1
LF:29
LH:27
BRDA:27,0,0,8
BRDA:27,0,1,0
BRDA:30,1,0,1
BRDA:30,1,1,7
BRDA:43,2,0,1
BRDA:43,2,1,6
BRDA:44,3,0,1
BRDA:44,3,1,0
BRDA:45,4,0,1
BRDA:45,4,1,0
BRDA:58,5,0,1
BRDA:58,5,1,5
BRDA:65,6,0,2
BRDA:65,6,1,3
BRDA:65,7,0,5
BRDA:65,7,1,4
BRDA:78,8,0,0
BRDA:78,8,1,3
BRDA:78,9,0,3
BRDA:78,9,1,1
BRDA:82,10,0,0
BRDA:82,10,1,0
BRDA:85,11,0,0
BRDA:85,11,1,0
BRDA:86,12,0,0
BRDA:86,12,1,0
BRDA:91,13,0,2
BRDA:91,13,1,1
BRDA:96,14,0,2
BRDA:96,14,1,1
BRDA:97,15,0,2
BRDA:97,15,1,1
BRDA:98,16,0,2
BRDA:98,16,1,0
BRDA:99,17,0,2
BRDA:99,17,1,1
BRDA:105,18,0,0
BRDA:105,18,1,1
BRF:38
BRH:26
end_of_record
TN:
SF:src/utils/helpers/messages.js
FN:7,(anonymous_0)
FN:33,(anonymous_1)
FN:34,(anonymous_2)
FN:35,(anonymous_3)
FN:36,(anonymous_4)
FN:37,(anonymous_5)
FN:38,(anonymous_6)
FN:39,(anonymous_7)
FN:40,(anonymous_8)
FN:41,(anonymous_9)
FN:42,(anonymous_10)
FN:48,(anonymous_11)
FN:49,(anonymous_12)
FN:50,(anonymous_13)
FN:51,(anonymous_14)
FN:52,(anonymous_15)
FN:53,(anonymous_16)
FN:54,(anonymous_17)
FN:55,(anonymous_18)
FN:56,(anonymous_19)
FN:57,(anonymous_20)
FN:60,(anonymous_21)
FN:86,(anonymous_22)
FN:88,(anonymous_23)
FN:93,(anonymous_24)
FNF:25
FNH:23
FNDA:1,(anonymous_0)
FNDA:16,(anonymous_1)
FNDA:5,(anonymous_2)
FNDA:3,(anonymous_3)
FNDA:1,(anonymous_4)
FNDA:1,(anonymous_5)
FNDA:1,(anonymous_6)
FNDA:1,(anonymous_7)
FNDA:0,(anonymous_8)
FNDA:0,(anonymous_9)
FNDA:16,(anonymous_10)
FNDA:4,(anonymous_11)
FNDA:1,(anonymous_12)
FNDA:1,(anonymous_13)
FNDA:1,(anonymous_14)
FNDA:1,(anonymous_15)
FNDA:1,(anonymous_16)
FNDA:1,(anonymous_17)
FNDA:1,(anonymous_18)
FNDA:1,(anonymous_19)
FNDA:4,(anonymous_20)
FNDA:1,(anonymous_21)
FNDA:1,(anonymous_22)
FNDA:1,(anonymous_23)
FNDA:1,(anonymous_24)
DA:3,17
DA:7,1
DA:33,16
DA:34,5
DA:35,3
DA:36,1
DA:37,1
DA:38,1
DA:39,1
DA:40,0
DA:41,0
DA:42,16
DA:48,4
DA:49,1
DA:50,1
DA:51,1
DA:52,1
DA:53,1
DA:54,1
DA:55,1
DA:56,1
DA:57,4
DA:60,1
DA:86,1
DA:88,1
DA:93,1
LF:26
LH:24
BRF:0
BRH:0
end_of_record
TN:
SF:src/utils/validators/schemas/zod/BaseRotaSchema.js
FNF:0
FNH:0
DA:5,3
LF:1
LH:1
BRF:0
BRH:0
end_of_record
TN:
SF:src/utils/validators/schemas/zod/ObjectIdSchema.js
FNF:0
FNH:0
DA:6,3
LF:1
LH:1
BRF:0
BRH:0
end_of_record
TN:
SF:src/utils/validators/schemas/zod/PermissaoValidation.js
FN:17,(anonymous_0)
FN:18,(anonymous_1)
FNF:2
FNH:2
FNDA:9,(anonymous_0)
FNDA:15,(anonymous_1)
DA:6,3
DA:17,3
DA:18,15
DA:19,9
DA:20,9
LF:5
LH:5
BRDA:18,0,0,15
BRDA:18,0,1,9
BRF:2
BRH:2
end_of_record
TN:
SF:src/utils/validators/schemas/zod/RotaSchema.js
FNF:0
FNH:0
DA:5,1
DA:14,1
LF:2
LH:2
BRF:0
BRH:0
end_of_record
TN:
SF:src/utils/validators/schemas/zod/UnidadeSchema.js
FNF:0
FNH:0
DA:7,2
DA:18,2
LF:2
LH:2
BRF:0
BRH:0
end_of_record
TN:
SF:src/utils/validators/schemas/zod/UsuarioSchema.js
FN:17,(anonymous_0)
FN:17,(anonymous_1)
FN:32,(anonymous_2)
FNF:3
FNH:0
FNDA:0,(anonymous_0)
FNDA:0,(anonymous_1)
FNDA:0,(anonymous_2)
DA:11,1
DA:14,1
DA:17,0
DA:21,1
DA:34,0
DA:35,0
DA:53,1
LF:7
LH:4
BRDA:34,0,0,0
BRDA:34,0,1,0
BRF:2
BRH:0
end_of_record
TN:
SF:src/utils/validators/schemas/zod/querys/GrupoQuerySchema.js
FN:4,(anonymous_0)
FN:12,(anonymous_1)
FN:15,(anonymous_2)
FN:19,(anonymous_3)
FN:22,(anonymous_4)
FN:26,(anonymous_5)
FN:29,(anonymous_6)
FN:33,(anonymous_7)
FN:34,(anonymous_8)
FN:40,(anonymous_9)
FN:41,(anonymous_10)
FNF:11
FNH:11
FNDA:2,(anonymous_0)
FNDA:9,(anonymous_1)
FNDA:9,(anonymous_2)
FNDA:9,(anonymous_3)
FNDA:9,(anonymous_4)
FNDA:9,(anonymous_5)
FNDA:9,(anonymous_6)
FNDA:9,(anonymous_7)
FNDA:9,(anonymous_8)
FNDA:9,(anonymous_9)
FNDA:9,(anonymous_10)
DA:4,2
DA:8,1
DA:12,9
DA:15,9
DA:19,9
DA:22,9
DA:26,9
DA:29,9
DA:33,9
DA:34,9
DA:40,9
DA:41,9
LF:12
LH:12
BRDA:12,0,0,9
BRDA:12,0,1,8
BRDA:19,1,0,9
BRDA:19,1,1,8
BRDA:26,2,0,9
BRDA:26,2,1,8
BRDA:26,2,2,2
BRDA:33,3,0,7
BRDA:33,3,1,2
BRDA:34,4,0,9
BRDA:34,4,1,8
BRDA:40,5,0,7
BRDA:40,5,1,2
BRDA:41,6,0,9
BRDA:41,6,1,8
BRDA:41,6,2,7
BRF:16
BRH:16
end_of_record
TN:
SF:src/utils/validators/schemas/zod/querys/RotaQuerySchema.js
FN:4,(anonymous_0)
FN:12,(anonymous_1)
FN:15,(anonymous_2)
FN:19,(anonymous_3)
FN:25,(anonymous_4)
FN:31,(anonymous_5)
FN:32,(anonymous_6)
FN:38,(anonymous_7)
FN:39,(anonymous_8)
FNF:9
FNH:9
FNDA:2,(anonymous_0)
FNDA:7,(anonymous_1)
FNDA:6,(anonymous_2)
FNDA:7,(anonymous_3)
FNDA:7,(anonymous_4)
FNDA:7,(anonymous_5)
FNDA:7,(anonymous_6)
FNDA:7,(anonymous_7)
FNDA:7,(anonymous_8)
DA:4,2
DA:8,1
DA:12,7
DA:15,6
DA:19,7
DA:25,7
DA:31,7
DA:32,7
DA:38,7
DA:39,7
LF:10
LH:10
BRDA:12,0,0,7
BRDA:12,0,1,7
BRDA:19,1,0,7
BRDA:19,1,1,7
BRDA:25,2,0,7
BRDA:25,2,1,3
BRDA:25,2,2,2
BRDA:31,3,0,2
BRDA:31,3,1,5
BRDA:32,4,0,7
BRDA:32,4,1,7
BRDA:38,5,0,2
BRDA:38,5,1,5
BRDA:39,6,0,7
BRDA:39,6,1,7
BRDA:39,6,2,7
BRF:16
BRH:16
end_of_record
TN:
SF:src/utils/validators/schemas/zod/querys/UnidadeQuerySchema.js
FN:4,(anonymous_0)
FN:12,(anonymous_1)
FN:15,(anonymous_2)
FN:19,(anonymous_3)
FN:22,(anonymous_4)
FN:26,(anonymous_5)
FN:32,(anonymous_6)
FN:33,(anonymous_7)
FN:39,(anonymous_8)
FN:40,(anonymous_9)
FNF:10
FNH:10
FNDA:2,(anonymous_0)
FNDA:12,(anonymous_1)
FNDA:11,(anonymous_2)
FNDA:12,(anonymous_3)
FNDA:11,(anonymous_4)
FNDA:12,(anonymous_5)
FNDA:12,(anonymous_6)
FNDA:12,(anonymous_7)
FNDA:12,(anonymous_8)
FNDA:12,(anonymous_9)
DA:4,2
DA:8,2
DA:12,12
DA:15,11
DA:19,12
DA:22,11
DA:26,12
DA:32,12
DA:33,12
DA:39,12
DA:40,12
LF:11
LH:11
BRDA:12,0,0,12
BRDA:12,0,1,2
BRDA:19,1,0,12
BRDA:19,1,1,2
BRDA:26,2,0,12
BRDA:26,2,1,3
BRDA:26,2,2,2
BRDA:32,3,0,2
BRDA:32,3,1,10
BRDA:33,4,0,12
BRDA:33,4,1,12
BRDA:39,5,0,3
BRDA:39,5,1,9
BRDA:40,6,0,12
BRDA:40,6,1,12
BRDA:40,6,2,11
BRF:16
BRH:16
end_of_record
TN:
SF:src/utils/validators/schemas/zod/querys/UsuarioQuerySchema.js
FN:4,(anonymous_0)
FN:12,(anonymous_1)
FN:15,(anonymous_2)
FN:22,(anonymous_3)
FN:25,(anonymous_4)
FN:26,(anonymous_5)
FN:30,(anonymous_6)
FN:31,(anonymous_7)
FN:37,(anonymous_8)
FN:38,(anonymous_9)
FNF:10
FNH:10
FNDA:2,(anonymous_0)
FNDA:8,(anonymous_1)
FNDA:8,(anonymous_2)
FNDA:8,(anonymous_3)
FNDA:8,(anonymous_4)
FNDA:8,(anonymous_5)
FNDA:8,(anonymous_6)
FNDA:8,(anonymous_7)
FNDA:8,(anonymous_8)
FNDA:8,(anonymous_9)
DA:4,2
DA:8,1
DA:12,8
DA:15,8
DA:22,8
DA:25,8
DA:26,8
DA:30,8
DA:31,8
DA:37,8
DA:38,8
LF:11
LH:11
BRDA:12,0,0,8
BRDA:12,0,1,7
BRDA:22,1,0,8
BRDA:22,1,1,8
BRDA:22,1,2,1
BRDA:30,2,0,8
BRDA:30,2,1,0
BRDA:31,3,0,8
BRDA:31,3,1,7
BRDA:37,4,0,8
BRDA:37,4,1,0
BRDA:38,5,0,8
BRDA:38,5,1,8
BRDA:38,5,2,7
BRF:14
BRH:12
end_of_record
